<?xml version="1.0" encoding="UTF-8"?>
<testsuite xmlns:xsi="http://www.w3.org/2001/XMLSchema-instance" xsi:noNamespaceSchemaLocation="https://maven.apache.org/surefire/maven-surefire-plugin/xsd/surefire-test-report-3.0.xsd" version="3.0" name="domain.services.CandidateServiceTest" time="0.161" tests="4" errors="0" skipped="0" failures="0">
  <properties>
    <property name="java.specification.version" value="21"/>
    <property name="sun.cpu.isalist" value="amd64"/>
    <property name="test.url" value="http://localhost:8081"/>
    <property name="sun.jnu.encoding" value="Cp1252"/>
    <property name="java.class.path" value="C:\Users\lucas.goulart\Desktop\Workspace\JAVA\dio-lab-quarkus\election-management\target\test-classes;C:\Users\lucas.goulart\Desktop\Workspace\JAVA\dio-lab-quarkus\election-management\target\classes;C:\Users\lucas.goulart\.m2\repository\io\quarkus\quarkus-logging-gelf\3.8.6\quarkus-logging-gelf-3.8.6.jar;C:\Users\lucas.goulart\.m2\repository\biz\paluch\logging\logstash-gelf\1.15.1\logstash-gelf-1.15.1.jar;C:\Users\lucas.goulart\.m2\repository\io\quarkus\quarkus-core\3.8.6\quarkus-core-3.8.6.jar;C:\Users\lucas.goulart\.m2\repository\jakarta\annotation\jakarta.annotation-api\2.1.1\jakarta.annotation-api-2.1.1.jar;C:\Users\lucas.goulart\.m2\repository\jakarta\inject\jakarta.inject-api\2.0.1\jakarta.inject-api-2.0.1.jar;C:\Users\lucas.goulart\.m2\repository\io\smallrye\common\smallrye-common-os\2.2.0\smallrye-common-os-2.2.0.jar;C:\Users\lucas.goulart\.m2\repository\io\quarkus\quarkus-ide-launcher\3.8.6\quarkus-ide-launcher-3.8.6.jar;C:\Users\lucas.goulart\.m2\repository\io\quarkus\quarkus-development-mode-spi\3.8.6\quarkus-development-mode-spi-3.8.6.jar;C:\Users\lucas.goulart\.m2\repository\io\smallrye\config\smallrye-config\3.5.4\smallrye-config-3.5.4.jar;C:\Users\lucas.goulart\.m2\repository\io\smallrye\config\smallrye-config-core\3.5.4\smallrye-config-core-3.5.4.jar;C:\Users\lucas.goulart\.m2\repository\io\smallrye\common\smallrye-common-classloader\2.2.0\smallrye-common-classloader-2.2.0.jar;C:\Users\lucas.goulart\.m2\repository\io\smallrye\config\smallrye-config-common\3.5.4\smallrye-config-common-3.5.4.jar;C:\Users\lucas.goulart\.m2\repository\org\jboss\logging\jboss-logging\3.5.3.Final\jboss-logging-3.5.3.Final.jar;C:\Users\lucas.goulart\.m2\repository\org\jboss\logmanager\jboss-logmanager\3.0.6.Final\jboss-logmanager-3.0.6.Final.jar;C:\Users\lucas.goulart\.m2\repository\io\smallrye\common\smallrye-common-cpu\2.2.0\smallrye-common-cpu-2.2.0.jar;C:\Users\lucas.goulart\.m2\repository\io\smallrye\common\smallrye-common-expression\2.2.0\smallrye-common-expression-2.2.0.jar;C:\Users\lucas.goulart\.m2\repository\io\smallrye\common\smallrye-common-function\2.2.0\smallrye-common-function-2.2.0.jar;C:\Users\lucas.goulart\.m2\repository\io\smallrye\common\smallrye-common-net\2.2.0\smallrye-common-net-2.2.0.jar;C:\Users\lucas.goulart\.m2\repository\io\smallrye\common\smallrye-common-ref\2.2.0\smallrye-common-ref-2.2.0.jar;C:\Users\lucas.goulart\.m2\repository\org\jboss\logging\jboss-logging-annotations\2.2.1.Final\jboss-logging-annotations-2.2.1.Final.jar;C:\Users\lucas.goulart\.m2\repository\org\jboss\threads\jboss-threads\3.5.1.Final\jboss-threads-3.5.1.Final.jar;C:\Users\lucas.goulart\.m2\repository\org\slf4j\slf4j-api\2.0.6\slf4j-api-2.0.6.jar;C:\Users\lucas.goulart\.m2\repository\org\wildfly\common\wildfly-common\1.7.0.Final\wildfly-common-1.7.0.Final.jar;C:\Users\lucas.goulart\.m2\repository\io\quarkus\quarkus-bootstrap-runner\3.8.6\quarkus-bootstrap-runner-3.8.6.jar;C:\Users\lucas.goulart\.m2\repository\io\quarkus\quarkus-fs-util\0.0.10\quarkus-fs-util-0.0.10.jar;C:\Users\lucas.goulart\.m2\repository\io\quarkus\quarkus-smallrye-health\3.8.6\quarkus-smallrye-health-3.8.6.jar;C:\Users\lucas.goulart\.m2\repository\io\smallrye\smallrye-health\4.1.0\smallrye-health-4.1.0.jar;C:\Users\lucas.goulart\.m2\repository\org\eclipse\microprofile\health\microprofile-health-api\4.0.1\microprofile-health-api-4.0.1.jar;C:\Users\lucas.goulart\.m2\repository\io\smallrye\smallrye-health-api\4.1.0\smallrye-health-api-4.1.0.jar;C:\Users\lucas.goulart\.m2\repository\jakarta\json\jakarta.json-api\2.1.3\jakarta.json-api-2.1.3.jar;C:\Users\lucas.goulart\.m2\repository\io\smallrye\smallrye-health-provided-checks\4.1.0\smallrye-health-provided-checks-4.1.0.jar;C:\Users\lucas.goulart\.m2\repository\io\quarkus\quarkus-vertx-http\3.8.6\quarkus-vertx-http-3.8.6.jar;C:\Users\lucas.goulart\.m2\repository\io\quarkus\quarkus-security-runtime-spi\3.8.6\quarkus-security-runtime-spi-3.8.6.jar;C:\Users\lucas.goulart\.m2\repository\io\quarkus\quarkus-credentials\3.8.6\quarkus-credentials-3.8.6.jar;C:\Users\lucas.goulart\.m2\repository\io\quarkus\security\quarkus-security\2.0.3.Final\quarkus-security-2.0.3.Final.jar;C:\Users\lucas.goulart\.m2\repository\io\smallrye\reactive\smallrye-mutiny-vertx-web\3.11.0\smallrye-mutiny-vertx-web-3.11.0.jar;C:\Users\lucas.goulart\.m2\repository\io\smallrye\reactive\smallrye-mutiny-vertx-web-common\3.11.0\smallrye-mutiny-vertx-web-common-3.11.0.jar;C:\Users\lucas.goulart\.m2\repository\io\smallrye\reactive\smallrye-mutiny-vertx-auth-common\3.11.0\smallrye-mutiny-vertx-auth-common-3.11.0.jar;C:\Users\lucas.goulart\.m2\repository\io\smallrye\reactive\smallrye-mutiny-vertx-bridge-common\3.11.0\smallrye-mutiny-vertx-bridge-common-3.11.0.jar;C:\Users\lucas.goulart\.m2\repository\io\smallrye\reactive\smallrye-mutiny-vertx-uri-template\3.11.0\smallrye-mutiny-vertx-uri-template-3.11.0.jar;C:\Users\lucas.goulart\.m2\repository\io\vertx\vertx-uri-template\4.5.7\vertx-uri-template-4.5.7.jar;C:\Users\lucas.goulart\.m2\repository\io\vertx\vertx-web\4.5.7\vertx-web-4.5.7.jar;C:\Users\lucas.goulart\.m2\repository\io\vertx\vertx-web-common\4.5.7\vertx-web-common-4.5.7.jar;C:\Users\lucas.goulart\.m2\repository\io\vertx\vertx-auth-common\4.5.7\vertx-auth-common-4.5.7.jar;C:\Users\lucas.goulart\.m2\repository\io\vertx\vertx-bridge-common\4.5.7\vertx-bridge-common-4.5.7.jar;C:\Users\lucas.goulart\.m2\repository\io\github\crac\org-crac\0.1.3\org-crac-0.1.3.jar;C:\Users\lucas.goulart\.m2\repository\io\quarkus\quarkus-jsonp\3.8.6\quarkus-jsonp-3.8.6.jar;C:\Users\lucas.goulart\.m2\repository\org\eclipse\parsson\parsson\1.1.5\parsson-1.1.5.jar;C:\Users\lucas.goulart\.m2\repository\io\quarkus\quarkus-smallrye-context-propagation\3.8.6\quarkus-smallrye-context-propagation-3.8.6.jar;C:\Users\lucas.goulart\.m2\repository\io\smallrye\smallrye-context-propagation\2.1.2\smallrye-context-propagation-2.1.2.jar;C:\Users\lucas.goulart\.m2\repository\org\eclipse\microprofile\config\microprofile-config-api\3.1\microprofile-config-api-3.1.jar;C:\Users\lucas.goulart\.m2\repository\io\smallrye\smallrye-context-propagation-api\2.1.2\smallrye-context-propagation-api-2.1.2.jar;C:\Users\lucas.goulart\.m2\repository\io\smallrye\smallrye-context-propagation-storage\2.1.2\smallrye-context-propagation-storage-2.1.2.jar;C:\Users\lucas.goulart\.m2\repository\jakarta\enterprise\jakarta.enterprise.cdi-api\4.0.1\jakarta.enterprise.cdi-api-4.0.1.jar;C:\Users\lucas.goulart\.m2\repository\jakarta\enterprise\jakarta.enterprise.lang-model\4.0.1\jakarta.enterprise.lang-model-4.0.1.jar;C:\Users\lucas.goulart\.m2\repository\jakarta\el\jakarta.el-api\5.0.1\jakarta.el-api-5.0.1.jar;C:\Users\lucas.goulart\.m2\repository\jakarta\interceptor\jakarta.interceptor-api\2.1.0\jakarta.interceptor-api-2.1.0.jar;C:\Users\lucas.goulart\.m2\repository\io\quarkus\quarkus-resteasy-reactive\3.8.6\quarkus-resteasy-reactive-3.8.6.jar;C:\Users\lucas.goulart\.m2\repository\io\quarkus\quarkus-resteasy-reactive-common\3.8.6\quarkus-resteasy-reactive-common-3.8.6.jar;C:\Users\lucas.goulart\.m2\repository\io\quarkus\resteasy\reactive\resteasy-reactive-common\3.8.6\resteasy-reactive-common-3.8.6.jar;C:\Users\lucas.goulart\.m2\repository\io\quarkus\resteasy\reactive\resteasy-reactive-common-types\3.8.6\resteasy-reactive-common-types-3.8.6.jar;C:\Users\lucas.goulart\.m2\repository\org\reactivestreams\reactive-streams\1.0.4\reactive-streams-1.0.4.jar;C:\Users\lucas.goulart\.m2\repository\io\quarkus\resteasy\reactive\resteasy-reactive-vertx\3.8.6\resteasy-reactive-vertx-3.8.6.jar;C:\Users\lucas.goulart\.m2\repository\io\smallrye\reactive\smallrye-mutiny-vertx-core\3.11.0\smallrye-mutiny-vertx-core-3.11.0.jar;C:\Users\lucas.goulart\.m2\repository\io\smallrye\reactive\smallrye-mutiny-vertx-runtime\3.11.0\smallrye-mutiny-vertx-runtime-3.11.0.jar;C:\Users\lucas.goulart\.m2\repository\io\smallrye\reactive\vertx-mutiny-generator\3.11.0\vertx-mutiny-generator-3.11.0.jar;C:\Users\lucas.goulart\.m2\repository\io\vertx\vertx-codegen\4.5.7\vertx-codegen-4.5.7.jar;C:\Users\lucas.goulart\.m2\repository\io\quarkus\resteasy\reactive\resteasy-reactive\3.8.6\resteasy-reactive-3.8.6.jar;C:\Users\lucas.goulart\.m2\repository\jakarta\ws\rs\jakarta.ws.rs-api\3.1.0\jakarta.ws.rs-api-3.1.0.jar;C:\Users\lucas.goulart\.m2\repository\org\jboss\logging\commons-logging-jboss-logging\1.0.0.Final\commons-logging-jboss-logging-1.0.0.Final.jar;C:\Users\lucas.goulart\.m2\repository\io\quarkus\quarkus-virtual-threads\3.8.6\quarkus-virtual-threads-3.8.6.jar;C:\Users\lucas.goulart\.m2\repository\io\vertx\vertx-core\4.5.7\vertx-core-4.5.7.jar;C:\Users\lucas.goulart\.m2\repository\io\netty\netty-common\4.1.108.Final\netty-common-4.1.108.Final.jar;C:\Users\lucas.goulart\.m2\repository\io\netty\netty-buffer\4.1.108.Final\netty-buffer-4.1.108.Final.jar;C:\Users\lucas.goulart\.m2\repository\io\netty\netty-transport\4.1.108.Final\netty-transport-4.1.108.Final.jar;C:\Users\lucas.goulart\.m2\repository\io\netty\netty-handler\4.1.108.Final\netty-handler-4.1.108.Final.jar;C:\Users\lucas.goulart\.m2\repository\io\netty\netty-transport-native-unix-common\4.1.108.Final\netty-transport-native-unix-common-4.1.108.Final.jar;C:\Users\lucas.goulart\.m2\repository\io\netty\netty-handler-proxy\4.1.108.Final\netty-handler-proxy-4.1.108.Final.jar;C:\Users\lucas.goulart\.m2\repository\io\netty\netty-codec-socks\4.1.108.Final\netty-codec-socks-4.1.108.Final.jar;C:\Users\lucas.goulart\.m2\repository\io\netty\netty-codec-http\4.1.108.Final\netty-codec-http-4.1.108.Final.jar;C:\Users\lucas.goulart\.m2\repository\io\netty\netty-codec-http2\4.1.108.Final\netty-codec-http2-4.1.108.Final.jar;C:\Users\lucas.goulart\.m2\repository\io\netty\netty-resolver\4.1.108.Final\netty-resolver-4.1.108.Final.jar;C:\Users\lucas.goulart\.m2\repository\io\netty\netty-resolver-dns\4.1.108.Final\netty-resolver-dns-4.1.108.Final.jar;C:\Users\lucas.goulart\.m2\repository\io\netty\netty-codec-dns\4.1.108.Final\netty-codec-dns-4.1.108.Final.jar;C:\Users\lucas.goulart\.m2\repository\io\quarkus\quarkus-resteasy-reactive-jackson\3.8.6\quarkus-resteasy-reactive-jackson-3.8.6.jar;C:\Users\lucas.goulart\.m2\repository\io\quarkus\quarkus-resteasy-reactive-jackson-common\3.8.6\quarkus-resteasy-reactive-jackson-common-3.8.6.jar;C:\Users\lucas.goulart\.m2\repository\io\quarkus\resteasy\reactive\resteasy-reactive-jackson\3.8.6\resteasy-reactive-jackson-3.8.6.jar;C:\Users\lucas.goulart\.m2\repository\io\quarkus\quarkus-smallrye-openapi\3.8.6\quarkus-smallrye-openapi-3.8.6.jar;C:\Users\lucas.goulart\.m2\repository\io\smallrye\smallrye-open-api-core\3.10.0\smallrye-open-api-core-3.10.0.jar;C:\Users\lucas.goulart\.m2\repository\org\eclipse\microprofile\openapi\microprofile-openapi-api\3.1.1\microprofile-openapi-api-3.1.1.jar;C:\Users\lucas.goulart\.m2\repository\com\fasterxml\jackson\core\jackson-core\2.17.2\jackson-core-2.17.2.jar;C:\Users\lucas.goulart\.m2\repository\com\fasterxml\jackson\core\jackson-databind\2.17.2\jackson-databind-2.17.2.jar;C:\Users\lucas.goulart\.m2\repository\com\fasterxml\jackson\core\jackson-annotations\2.17.2\jackson-annotations-2.17.2.jar;C:\Users\lucas.goulart\.m2\repository\com\fasterxml\jackson\dataformat\jackson-dataformat-yaml\2.17.2\jackson-dataformat-yaml-2.17.2.jar;C:\Users\lucas.goulart\.m2\repository\org\yaml\snakeyaml\2.2\snakeyaml-2.2.jar;C:\Users\lucas.goulart\.m2\repository\io\smallrye\jandex\3.1.6\jandex-3.1.6.jar;C:\Users\lucas.goulart\.m2\repository\io\quarkus\quarkus-swagger-ui\3.8.6\quarkus-swagger-ui-3.8.6.jar;C:\Users\lucas.goulart\.m2\repository\io\quarkus\quarkus-opentelemetry\3.8.6\quarkus-opentelemetry-3.8.6.jar;C:\Users\lucas.goulart\.m2\repository\io\quarkus\quarkus-vertx\3.8.6\quarkus-vertx-3.8.6.jar;C:\Users\lucas.goulart\.m2\repository\io\quarkus\quarkus-netty\3.8.6\quarkus-netty-3.8.6.jar;C:\Users\lucas.goulart\.m2\repository\io\netty\netty-codec\4.1.108.Final\netty-codec-4.1.108.Final.jar;C:\Users\lucas.goulart\.m2\repository\com\aayushatharva\brotli4j\brotli4j\1.16.0\brotli4j-1.16.0.jar;C:\Users\lucas.goulart\.m2\repository\com\aayushatharva\brotli4j\service\1.16.0\service-1.16.0.jar;C:\Users\lucas.goulart\.m2\repository\com\aayushatharva\brotli4j\native-windows-x86_64\1.16.0\native-windows-x86_64-1.16.0.jar;C:\Users\lucas.goulart\.m2\repository\io\netty\netty-codec-haproxy\4.1.108.Final\netty-codec-haproxy-4.1.108.Final.jar;C:\Users\lucas.goulart\.m2\repository\io\smallrye\common\smallrye-common-annotation\2.2.0\smallrye-common-annotation-2.2.0.jar;C:\Users\lucas.goulart\.m2\repository\io\quarkus\quarkus-vertx-latebound-mdc-provider\3.8.6\quarkus-vertx-latebound-mdc-provider-3.8.6.jar;C:\Users\lucas.goulart\.m2\repository\io\smallrye\smallrye-fault-tolerance-vertx\6.2.6\smallrye-fault-tolerance-vertx-6.2.6.jar;C:\Users\lucas.goulart\.m2\repository\io\quarkus\quarkus-grpc-common\3.8.6\quarkus-grpc-common-3.8.6.jar;C:\Users\lucas.goulart\.m2\repository\com\google\code\findbugs\jsr305\3.0.2\jsr305-3.0.2.jar;C:\Users\lucas.goulart\.m2\repository\io\vertx\vertx-grpc\4.5.7\vertx-grpc-4.5.7.jar;C:\Users\lucas.goulart\.m2\repository\io\grpc\grpc-netty\1.59.1\grpc-netty-1.59.1.jar;C:\Users\lucas.goulart\.m2\repository\io\grpc\grpc-core\1.59.1\grpc-core-1.59.1.jar;C:\Users\lucas.goulart\.m2\repository\io\grpc\grpc-context\1.59.1\grpc-context-1.59.1.jar;C:\Users\lucas.goulart\.m2\repository\io\grpc\grpc-util\1.59.1\grpc-util-1.59.1.jar;C:\Users\lucas.goulart\.m2\repository\io\perfmark\perfmark-api\0.26.0\perfmark-api-0.26.0.jar;C:\Users\lucas.goulart\.m2\repository\io\grpc\grpc-protobuf\1.59.1\grpc-protobuf-1.59.1.jar;C:\Users\lucas.goulart\.m2\repository\com\google\protobuf\protobuf-java\3.25.0\protobuf-java-3.25.0.jar;C:\Users\lucas.goulart\.m2\repository\com\google\api\grpc\proto-google-common-protos\2.28.0\proto-google-common-protos-2.28.0.jar;C:\Users\lucas.goulart\.m2\repository\io\grpc\grpc-protobuf-lite\1.59.1\grpc-protobuf-lite-1.59.1.jar;C:\Users\lucas.goulart\.m2\repository\com\google\guava\guava\33.0.0-jre\guava-33.0.0-jre.jar;C:\Users\lucas.goulart\.m2\repository\com\google\guava\failureaccess\1.0.1\failureaccess-1.0.1.jar;C:\Users\lucas.goulart\.m2\repository\com\google\j2objc\j2objc-annotations\2.8\j2objc-annotations-2.8.jar;C:\Users\lucas.goulart\.m2\repository\io\vertx\vertx-grpc-server\4.5.7\vertx-grpc-server-4.5.7.jar;C:\Users\lucas.goulart\.m2\repository\io\smallrye\common\smallrye-common-vertx-context\2.2.0\smallrye-common-vertx-context-2.2.0.jar;C:\Users\lucas.goulart\.m2\repository\io\smallrye\common\smallrye-common-constraint\2.2.0\smallrye-common-constraint-2.2.0.jar;C:\Users\lucas.goulart\.m2\repository\io\opentelemetry\opentelemetry-sdk-extension-autoconfigure\1.32.0\opentelemetry-sdk-extension-autoconfigure-1.32.0.jar;C:\Users\lucas.goulart\.m2\repository\io\opentelemetry\opentelemetry-sdk\1.32.0\opentelemetry-sdk-1.32.0.jar;C:\Users\lucas.goulart\.m2\repository\io\opentelemetry\opentelemetry-sdk-common\1.32.0\opentelemetry-sdk-common-1.32.0.jar;C:\Users\lucas.goulart\.m2\repository\io\opentelemetry\opentelemetry-sdk-trace\1.32.0\opentelemetry-sdk-trace-1.32.0.jar;C:\Users\lucas.goulart\.m2\repository\io\opentelemetry\opentelemetry-sdk-metrics\1.32.0\opentelemetry-sdk-metrics-1.32.0.jar;C:\Users\lucas.goulart\.m2\repository\io\opentelemetry\opentelemetry-sdk-logs\1.32.0\opentelemetry-sdk-logs-1.32.0.jar;C:\Users\lucas.goulart\.m2\repository\io\opentelemetry\opentelemetry-extension-annotations\1.18.0\opentelemetry-extension-annotations-1.18.0.jar;C:\Users\lucas.goulart\.m2\repository\io\opentelemetry\opentelemetry-sdk-extension-autoconfigure-spi\1.32.0\opentelemetry-sdk-extension-autoconfigure-spi-1.32.0.jar;C:\Users\lucas.goulart\.m2\repository\io\opentelemetry\semconv\opentelemetry-semconv\1.26.0-alpha\opentelemetry-semconv-1.26.0-alpha.jar;C:\Users\lucas.goulart\.m2\repository\io\opentelemetry\opentelemetry-api-events\1.32.0-alpha\opentelemetry-api-events-1.32.0-alpha.jar;C:\Users\lucas.goulart\.m2\repository\io\opentelemetry\instrumentation\opentelemetry-instrumentation-api\1.32.0\opentelemetry-instrumentation-api-1.32.0.jar;C:\Users\lucas.goulart\.m2\repository\io\opentelemetry\opentelemetry-extension-incubator\1.32.0-alpha\opentelemetry-extension-incubator-1.32.0-alpha.jar;C:\Users\lucas.goulart\.m2\repository\io\opentelemetry\instrumentation\opentelemetry-instrumentation-annotations\1.32.0\opentelemetry-instrumentation-annotations-1.32.0.jar;C:\Users\lucas.goulart\.m2\repository\io\opentelemetry\instrumentation\opentelemetry-instrumentation-annotations-support\1.32.0-alpha\opentelemetry-instrumentation-annotations-support-1.32.0-alpha.jar;C:\Users\lucas.goulart\.m2\repository\io\opentelemetry\instrumentation\opentelemetry-instrumentation-api-semconv\1.32.0-alpha\opentelemetry-instrumentation-api-semconv-1.32.0-alpha.jar;C:\Users\lucas.goulart\.m2\repository\io\opentelemetry\opentelemetry-exporter-otlp-common\1.32.0\opentelemetry-exporter-otlp-common-1.32.0.jar;C:\Users\lucas.goulart\.m2\repository\io\opentelemetry\opentelemetry-exporter-common\1.32.0\opentelemetry-exporter-common-1.32.0.jar;C:\Users\lucas.goulart\.m2\repository\io\opentelemetry\opentelemetry-exporter-otlp\1.32.0\opentelemetry-exporter-otlp-1.32.0.jar;C:\Users\lucas.goulart\.m2\repository\io\opentelemetry\opentelemetry-exporter-sender-okhttp\1.32.0\opentelemetry-exporter-sender-okhttp-1.32.0.jar;C:\Users\lucas.goulart\.m2\repository\io\vertx\vertx-grpc-client\4.5.7\vertx-grpc-client-4.5.7.jar;C:\Users\lucas.goulart\.m2\repository\io\vertx\vertx-grpc-common\4.5.7\vertx-grpc-common-4.5.7.jar;C:\Users\lucas.goulart\.m2\repository\io\grpc\grpc-stub\1.59.1\grpc-stub-1.59.1.jar;C:\Users\lucas.goulart\.m2\repository\io\grpc\grpc-api\1.59.1\grpc-api-1.59.1.jar;C:\Users\lucas.goulart\.m2\repository\io\quarkus\quarkus-arc\3.8.6\quarkus-arc-3.8.6.jar;C:\Users\lucas.goulart\.m2\repository\io\quarkus\arc\arc\3.8.6\arc-3.8.6.jar;C:\Users\lucas.goulart\.m2\repository\io\smallrye\reactive\mutiny\2.5.8\mutiny-2.5.8.jar;C:\Users\lucas.goulart\.m2\repository\org\eclipse\microprofile\context-propagation\microprofile-context-propagation-api\1.3\microprofile-context-propagation-api-1.3.jar;C:\Users\lucas.goulart\.m2\repository\io\quarkus\quarkus-flyway\3.8.6\quarkus-flyway-3.8.6.jar;C:\Users\lucas.goulart\.m2\repository\org\flywaydb\flyway-core\9.22.3\flyway-core-9.22.3.jar;C:\Users\lucas.goulart\.m2\repository\com\fasterxml\jackson\dataformat\jackson-dataformat-toml\2.17.2\jackson-dataformat-toml-2.17.2.jar;C:\Users\lucas.goulart\.m2\repository\com\google\code\gson\gson\2.10.1\gson-2.10.1.jar;C:\Users\lucas.goulart\.m2\repository\io\quarkus\quarkus-agroal\3.8.6\quarkus-agroal-3.8.6.jar;C:\Users\lucas.goulart\.m2\repository\io\quarkus\quarkus-datasource\3.8.6\quarkus-datasource-3.8.6.jar;C:\Users\lucas.goulart\.m2\repository\io\agroal\agroal-api\2.4\agroal-api-2.4.jar;C:\Users\lucas.goulart\.m2\repository\io\agroal\agroal-narayana\2.4\agroal-narayana-2.4.jar;C:\Users\lucas.goulart\.m2\repository\org\jboss\jboss-transaction-spi\8.0.0.Final\jboss-transaction-spi-8.0.0.Final.jar;C:\Users\lucas.goulart\.m2\repository\io\agroal\agroal-pool\2.4\agroal-pool-2.4.jar;C:\Users\lucas.goulart\.m2\repository\io\quarkus\quarkus-narayana-jta\3.8.6\quarkus-narayana-jta-3.8.6.jar;C:\Users\lucas.goulart\.m2\repository\io\quarkus\quarkus-transaction-annotations\3.8.6\quarkus-transaction-annotations-3.8.6.jar;C:\Users\lucas.goulart\.m2\repository\io\smallrye\smallrye-context-propagation-jta\2.1.2\smallrye-context-propagation-jta-2.1.2.jar;C:\Users\lucas.goulart\.m2\repository\io\smallrye\reactive\smallrye-reactive-converter-api\3.0.1\smallrye-reactive-converter-api-3.0.1.jar;C:\Users\lucas.goulart\.m2\repository\io\smallrye\reactive\smallrye-reactive-converter-mutiny\3.0.1\smallrye-reactive-converter-mutiny-3.0.1.jar;C:\Users\lucas.goulart\.m2\repository\io\smallrye\reactive\mutiny-zero-flow-adapters\1.0.0\mutiny-zero-flow-adapters-1.0.0.jar;C:\Users\lucas.goulart\.m2\repository\org\jboss\narayana\jta\narayana-jta\7.0.2.Final\narayana-jta-7.0.2.Final.jar;C:\Users\lucas.goulart\.m2\repository\jakarta\resource\jakarta.resource-api\2.1.0\jakarta.resource-api-2.1.0.jar;C:\Users\lucas.goulart\.m2\repository\org\jboss\invocation\jboss-invocation\2.0.0.Final\jboss-invocation-2.0.0.Final.jar;C:\Users\lucas.goulart\.m2\repository\org\eclipse\microprofile\reactive-streams-operators\microprofile-reactive-streams-operators-api\3.0\microprofile-reactive-streams-operators-api-3.0.jar;C:\Users\lucas.goulart\.m2\repository\org\jboss\narayana\jts\narayana-jts-integration\7.0.2.Final\narayana-jts-integration-7.0.2.Final.jar;C:\Users\lucas.goulart\.m2\repository\io\quarkus\quarkus-datasource-common\3.8.6\quarkus-datasource-common-3.8.6.jar;C:\Users\lucas.goulart\.m2\repository\io\quarkus\quarkus-jdbc-mariadb\3.8.6\quarkus-jdbc-mariadb-3.8.6.jar;C:\Users\lucas.goulart\.m2\repository\org\mariadb\jdbc\mariadb-java-client\3.3.3\mariadb-java-client-3.3.3.jar;C:\Users\lucas.goulart\.m2\repository\com\github\waffle\waffle-jna\3.3.0\waffle-jna-3.3.0.jar;C:\Users\lucas.goulart\.m2\repository\net\java\dev\jna\jna\5.8.0\jna-5.8.0.jar;C:\Users\lucas.goulart\.m2\repository\net\java\dev\jna\jna-platform\5.8.0\jna-platform-5.8.0.jar;C:\Users\lucas.goulart\.m2\repository\io\quarkus\quarkus-hibernate-orm\3.8.6\quarkus-hibernate-orm-3.8.6.jar;C:\Users\lucas.goulart\.m2\repository\org\hibernate\orm\hibernate-core\6.4.8.Final\hibernate-core-6.4.8.Final.jar;C:\Users\lucas.goulart\.m2\repository\com\fasterxml\classmate\1.6.0\classmate-1.6.0.jar;C:\Users\lucas.goulart\.m2\repository\org\antlr\antlr4-runtime\4.13.0\antlr4-runtime-4.13.0.jar;C:\Users\lucas.goulart\.m2\repository\net\bytebuddy\byte-buddy\1.14.11\byte-buddy-1.14.11.jar;C:\Users\lucas.goulart\.m2\repository\org\hibernate\common\hibernate-commons-annotations\6.0.6.Final\hibernate-commons-annotations-6.0.6.Final.jar;C:\Users\lucas.goulart\.m2\repository\org\hibernate\orm\hibernate-graalvm\6.4.8.Final\hibernate-graalvm-6.4.8.Final.jar;C:\Users\lucas.goulart\.m2\repository\org\glassfish\jaxb\jaxb-runtime\4.0.4\jaxb-runtime-4.0.4.jar;C:\Users\lucas.goulart\.m2\repository\org\glassfish\jaxb\jaxb-core\4.0.4\jaxb-core-4.0.4.jar;C:\Users\lucas.goulart\.m2\repository\org\eclipse\angus\angus-activation\2.0.1\angus-activation-2.0.1.jar;C:\Users\lucas.goulart\.m2\repository\org\glassfish\jaxb\txw2\4.0.4\txw2-4.0.4.jar;C:\Users\lucas.goulart\.m2\repository\com\sun\istack\istack-commons-runtime\4.1.2\istack-commons-runtime-4.1.2.jar;C:\Users\lucas.goulart\.m2\repository\jakarta\xml\bind\jakarta.xml.bind-api\4.0.1\jakarta.xml.bind-api-4.0.1.jar;C:\Users\lucas.goulart\.m2\repository\jakarta\activation\jakarta.activation-api\2.1.2\jakarta.activation-api-2.1.2.jar;C:\Users\lucas.goulart\.m2\repository\jakarta\persistence\jakarta.persistence-api\3.1.0\jakarta.persistence-api-3.1.0.jar;C:\Users\lucas.goulart\.m2\repository\jakarta\transaction\jakarta.transaction-api\2.0.1\jakarta.transaction-api-2.0.1.jar;C:\Users\lucas.goulart\.m2\repository\org\hibernate\quarkus-local-cache\0.3.0\quarkus-local-cache-0.3.0.jar;C:\Users\lucas.goulart\.m2\repository\io\quarkus\quarkus-caffeine\3.8.6\quarkus-caffeine-3.8.6.jar;C:\Users\lucas.goulart\.m2\repository\com\github\ben-manes\caffeine\caffeine\3.1.5\caffeine-3.1.5.jar;C:\Users\lucas.goulart\.m2\repository\com\google\errorprone\error_prone_annotations\2.24.0\error_prone_annotations-2.24.0.jar;C:\Users\lucas.goulart\.m2\repository\io\opentelemetry\instrumentation\opentelemetry-jdbc\1.32.0-alpha\opentelemetry-jdbc-1.32.0-alpha.jar;C:\Users\lucas.goulart\.m2\repository\io\opentelemetry\opentelemetry-api\1.32.0\opentelemetry-api-1.32.0.jar;C:\Users\lucas.goulart\.m2\repository\io\opentelemetry\opentelemetry-context\1.32.0\opentelemetry-context-1.32.0.jar;C:\Users\lucas.goulart\.m2\repository\io\quarkus\quarkus-redis-client\3.8.6\quarkus-redis-client-3.8.6.jar;C:\Users\lucas.goulart\.m2\repository\io\quarkus\quarkus-jackson\3.8.6\quarkus-jackson-3.8.6.jar;C:\Users\lucas.goulart\.m2\repository\com\fasterxml\jackson\datatype\jackson-datatype-jsr310\2.17.2\jackson-datatype-jsr310-2.17.2.jar;C:\Users\lucas.goulart\.m2\repository\com\fasterxml\jackson\datatype\jackson-datatype-jdk8\2.17.2\jackson-datatype-jdk8-2.17.2.jar;C:\Users\lucas.goulart\.m2\repository\com\fasterxml\jackson\module\jackson-module-parameter-names\2.17.2\jackson-module-parameter-names-2.17.2.jar;C:\Users\lucas.goulart\.m2\repository\io\smallrye\reactive\smallrye-mutiny-vertx-redis-client\3.11.0\smallrye-mutiny-vertx-redis-client-3.11.0.jar;C:\Users\lucas.goulart\.m2\repository\io\vertx\vertx-redis-client\4.5.7\vertx-redis-client-4.5.7.jar;C:\Users\lucas.goulart\.m2\repository\io\quarkus\quarkus-scheduler\3.8.6\quarkus-scheduler-3.8.6.jar;C:\Users\lucas.goulart\.m2\repository\io\quarkus\quarkus-scheduler-kotlin\3.8.6\quarkus-scheduler-kotlin-3.8.6.jar;C:\Users\lucas.goulart\.m2\repository\io\quarkus\quarkus-scheduler-common\3.8.6\quarkus-scheduler-common-3.8.6.jar;C:\Users\lucas.goulart\.m2\repository\io\quarkus\quarkus-scheduler-api\3.8.6\quarkus-scheduler-api-3.8.6.jar;C:\Users\lucas.goulart\.m2\repository\io\quarkus\quarkus-scheduler-spi\3.8.6\quarkus-scheduler-spi-3.8.6.jar;C:\Users\lucas.goulart\.m2\repository\com\cronutils\cron-utils\9.2.1\cron-utils-9.2.1.jar;C:\Users\lucas.goulart\.m2\repository\org\jboss\slf4j\slf4j-jboss-logmanager\2.0.0.Final\slf4j-jboss-logmanager-2.0.0.Final.jar;C:\Users\lucas.goulart\.m2\repository\org\glassfish\expressly\expressly\5.0.0\expressly-5.0.0.jar;C:\Users\lucas.goulart\.m2\repository\io\quarkus\quarkus-junit5\3.8.6\quarkus-junit5-3.8.6.jar;C:\Users\lucas.goulart\.m2\repository\io\quarkus\quarkus-bootstrap-core\3.8.6\quarkus-bootstrap-core-3.8.6.jar;C:\Users\lucas.goulart\.m2\repository\io\quarkus\quarkus-bootstrap-app-model\3.8.6\quarkus-bootstrap-app-model-3.8.6.jar;C:\Users\lucas.goulart\.m2\repository\io\smallrye\common\smallrye-common-io\2.2.0\smallrye-common-io-2.2.0.jar;C:\Users\lucas.goulart\.m2\repository\org\eclipse\sisu\org.eclipse.sisu.inject\0.9.0.M2\org.eclipse.sisu.inject-0.9.0.M2.jar;C:\Users\lucas.goulart\.m2\repository\io\quarkus\quarkus-test-common\3.8.6\quarkus-test-common-3.8.6.jar;C:\Users\lucas.goulart\.m2\repository\io\quarkus\quarkus-core-deployment\3.8.6\quarkus-core-deployment-3.8.6.jar;C:\Users\lucas.goulart\.m2\repository\org\aesh\readline\2.4\readline-2.4.jar;C:\Users\lucas.goulart\.m2\repository\org\fusesource\jansi\jansi\2.4.0\jansi-2.4.0.jar;C:\Users\lucas.goulart\.m2\repository\org\aesh\aesh\2.7\aesh-2.7.jar;C:\Users\lucas.goulart\.m2\repository\io\quarkus\gizmo\gizmo\1.7.0\gizmo-1.7.0.jar;C:\Users\lucas.goulart\.m2\repository\org\ow2\asm\asm-util\9.6\asm-util-9.6.jar;C:\Users\lucas.goulart\.m2\repository\org\ow2\asm\asm-analysis\9.6\asm-analysis-9.6.jar;C:\Users\lucas.goulart\.m2\repository\org\ow2\asm\asm\9.6\asm-9.6.jar;C:\Users\lucas.goulart\.m2\repository\org\ow2\asm\asm-commons\9.6\asm-commons-9.6.jar;C:\Users\lucas.goulart\.m2\repository\org\ow2\asm\asm-tree\9.6\asm-tree-9.6.jar;C:\Users\lucas.goulart\.m2\repository\io\quarkus\quarkus-class-change-agent\3.8.6\quarkus-class-change-agent-3.8.6.jar;C:\Users\lucas.goulart\.m2\repository\io\quarkus\quarkus-devtools-utilities\3.8.6\quarkus-devtools-utilities-3.8.6.jar;C:\Users\lucas.goulart\.m2\repository\io\quarkus\quarkus-builder\3.8.6\quarkus-builder-3.8.6.jar;C:\Users\lucas.goulart\.m2\repository\org\graalvm\sdk\nativeimage\23.1.2\nativeimage-23.1.2.jar;C:\Users\lucas.goulart\.m2\repository\org\graalvm\sdk\word\23.1.2\word-23.1.2.jar;C:\Users\lucas.goulart\.m2\repository\org\junit\platform\junit-platform-launcher\1.10.1\junit-platform-launcher-1.10.1.jar;C:\Users\lucas.goulart\.m2\repository\io\quarkus\quarkus-bootstrap-maven-resolver\3.8.6\quarkus-bootstrap-maven-resolver-3.8.6.jar;C:\Users\lucas.goulart\.m2\repository\io\smallrye\beanbag\smallrye-beanbag-maven\1.4.0\smallrye-beanbag-maven-1.4.0.jar;C:\Users\lucas.goulart\.m2\repository\io\smallrye\beanbag\smallrye-beanbag-sisu\1.4.0\smallrye-beanbag-sisu-1.4.0.jar;C:\Users\lucas.goulart\.m2\repository\io\smallrye\beanbag\smallrye-beanbag\1.4.0\smallrye-beanbag-1.4.0.jar;C:\Users\lucas.goulart\.m2\repository\javax\inject\javax.inject\1\javax.inject-1.jar;C:\Users\lucas.goulart\.m2\repository\org\apache\maven\maven-artifact\3.9.6\maven-artifact-3.9.6.jar;C:\Users\lucas.goulart\.m2\repository\org\apache\maven\maven-builder-support\3.9.6\maven-builder-support-3.9.6.jar;C:\Users\lucas.goulart\.m2\repository\org\apache\maven\maven-model\3.9.6\maven-model-3.9.6.jar;C:\Users\lucas.goulart\.m2\repository\org\apache\maven\maven-model-builder\3.9.6\maven-model-builder-3.9.6.jar;C:\Users\lucas.goulart\.m2\repository\org\apache\maven\maven-repository-metadata\3.9.6\maven-repository-metadata-3.9.6.jar;C:\Users\lucas.goulart\.m2\repository\org\apache\maven\maven-settings\3.9.6\maven-settings-3.9.6.jar;C:\Users\lucas.goulart\.m2\repository\org\apache\maven\resolver\maven-resolver-api\1.9.18\maven-resolver-api-1.9.18.jar;C:\Users\lucas.goulart\.m2\repository\org\apache\maven\resolver\maven-resolver-impl\1.9.18\maven-resolver-impl-1.9.18.jar;C:\Users\lucas.goulart\.m2\repository\org\apache\maven\resolver\maven-resolver-named-locks\1.9.18\maven-resolver-named-locks-1.9.18.jar;C:\Users\lucas.goulart\.m2\repository\org\apache\maven\resolver\maven-resolver-spi\1.9.18\maven-resolver-spi-1.9.18.jar;C:\Users\lucas.goulart\.m2\repository\org\apache\maven\resolver\maven-resolver-util\1.9.18\maven-resolver-util-1.9.18.jar;C:\Users\lucas.goulart\.m2\repository\org\apache\maven\resolver\maven-resolver-transport-http\1.9.18\maven-resolver-transport-http-1.9.18.jar;C:\Users\lucas.goulart\.m2\repository\org\apache\maven\wagon\wagon-provider-api\3.5.3\wagon-provider-api-3.5.3.jar;C:\Users\lucas.goulart\.m2\repository\org\apache\maven\wagon\wagon-http-shared\3.5.3\wagon-http-shared-3.5.3.jar;C:\Users\lucas.goulart\.m2\repository\org\codehaus\plexus\plexus-interpolation\1.26\plexus-interpolation-1.26.jar;C:\Users\lucas.goulart\.m2\repository\org\codehaus\plexus\plexus-utils\3.5.1\plexus-utils-3.5.1.jar;C:\Users\lucas.goulart\.m2\repository\org\codehaus\plexus\plexus-xml\4.0.0\plexus-xml-4.0.0.jar;C:\Users\lucas.goulart\.m2\repository\org\apache\maven\maven-xml-impl\4.0.0-alpha-5\maven-xml-impl-4.0.0-alpha-5.jar;C:\Users\lucas.goulart\.m2\repository\org\apache\maven\maven-api-xml\4.0.0-alpha-5\maven-api-xml-4.0.0-alpha-5.jar;C:\Users\lucas.goulart\.m2\repository\org\apache\maven\maven-api-meta\4.0.0-alpha-5\maven-api-meta-4.0.0-alpha-5.jar;C:\Users\lucas.goulart\.m2\repository\org\codehaus\plexus\plexus-cipher\2.0\plexus-cipher-2.0.jar;C:\Users\lucas.goulart\.m2\repository\org\codehaus\plexus\plexus-sec-dispatcher\2.0\plexus-sec-dispatcher-2.0.jar;C:\Users\lucas.goulart\.m2\repository\org\apache\maven\maven-embedder\3.9.6\maven-embedder-3.9.6.jar;C:\Users\lucas.goulart\.m2\repository\org\apache\maven\maven-core\3.9.6\maven-core-3.9.6.jar;C:\Users\lucas.goulart\.m2\repository\org\codehaus\plexus\plexus-component-annotations\2.1.0\plexus-component-annotations-2.1.0.jar;C:\Users\lucas.goulart\.m2\repository\org\apache\maven\maven-plugin-api\3.9.6\maven-plugin-api-3.9.6.jar;C:\Users\lucas.goulart\.m2\repository\org\apache\maven\shared\maven-shared-utils\3.3.4\maven-shared-utils-3.3.4.jar;C:\Users\lucas.goulart\.m2\repository\com\google\inject\guice\5.1.0\guice-5.1.0.jar;C:\Users\lucas.goulart\.m2\repository\aopalliance\aopalliance\1.0\aopalliance-1.0.jar;C:\Users\lucas.goulart\.m2\repository\javax\annotation\javax.annotation-api\1.3.2\javax.annotation-api-1.3.2.jar;C:\Users\lucas.goulart\.m2\repository\org\codehaus\plexus\plexus-classworlds\2.6.0\plexus-classworlds-2.6.0.jar;C:\Users\lucas.goulart\.m2\repository\commons-cli\commons-cli\1.5.0\commons-cli-1.5.0.jar;C:\Users\lucas.goulart\.m2\repository\org\eclipse\sisu\org.eclipse.sisu.plexus\0.9.0.M2\org.eclipse.sisu.plexus-0.9.0.M2.jar;C:\Users\lucas.goulart\.m2\repository\org\apache\maven\maven-settings-builder\3.9.6\maven-settings-builder-3.9.6.jar;C:\Users\lucas.goulart\.m2\repository\org\apache\maven\maven-resolver-provider\3.9.6\maven-resolver-provider-3.9.6.jar;C:\Users\lucas.goulart\.m2\repository\org\apache\maven\resolver\maven-resolver-connector-basic\1.9.18\maven-resolver-connector-basic-1.9.18.jar;C:\Users\lucas.goulart\.m2\repository\org\apache\maven\resolver\maven-resolver-transport-wagon\1.9.18\maven-resolver-transport-wagon-1.9.18.jar;C:\Users\lucas.goulart\.m2\repository\org\apache\maven\wagon\wagon-http\3.5.3\wagon-http-3.5.3.jar;C:\Users\lucas.goulart\.m2\repository\org\apache\maven\wagon\wagon-file\3.5.3\wagon-file-3.5.3.jar;C:\Users\lucas.goulart\.m2\repository\io\quarkus\quarkus-bootstrap-gradle-resolver\3.8.6\quarkus-bootstrap-gradle-resolver-3.8.6.jar;C:\Users\lucas.goulart\.m2\repository\commons-io\commons-io\2.15.1\commons-io-2.15.1.jar;C:\Users\lucas.goulart\.m2\repository\io\quarkus\quarkus-junit5-properties\3.8.6\quarkus-junit5-properties-3.8.6.jar;C:\Users\lucas.goulart\.m2\repository\org\junit\jupiter\junit-jupiter\5.10.1\junit-jupiter-5.10.1.jar;C:\Users\lucas.goulart\.m2\repository\org\junit\jupiter\junit-jupiter-api\5.10.1\junit-jupiter-api-5.10.1.jar;C:\Users\lucas.goulart\.m2\repository\org\opentest4j\opentest4j\1.3.0\opentest4j-1.3.0.jar;C:\Users\lucas.goulart\.m2\repository\org\junit\platform\junit-platform-commons\1.10.1\junit-platform-commons-1.10.1.jar;C:\Users\lucas.goulart\.m2\repository\org\apiguardian\apiguardian-api\1.1.2\apiguardian-api-1.1.2.jar;C:\Users\lucas.goulart\.m2\repository\org\junit\jupiter\junit-jupiter-params\5.10.1\junit-jupiter-params-5.10.1.jar;C:\Users\lucas.goulart\.m2\repository\org\junit\jupiter\junit-jupiter-engine\5.10.1\junit-jupiter-engine-5.10.1.jar;C:\Users\lucas.goulart\.m2\repository\org\junit\platform\junit-platform-engine\1.10.1\junit-platform-engine-1.10.1.jar;C:\Users\lucas.goulart\.m2\repository\com\thoughtworks\xstream\xstream\1.4.20\xstream-1.4.20.jar;C:\Users\lucas.goulart\.m2\repository\io\github\x-stream\mxparser\1.2.2\mxparser-1.2.2.jar;C:\Users\lucas.goulart\.m2\repository\xmlpull\xmlpull\1.1.3.1\xmlpull-1.1.3.1.jar;C:\Users\lucas.goulart\.m2\repository\io\quarkus\quarkus-junit5-mockito\3.8.6\quarkus-junit5-mockito-3.8.6.jar;C:\Users\lucas.goulart\.m2\repository\org\mockito\mockito-junit-jupiter\5.8.0\mockito-junit-jupiter-5.8.0.jar;C:\Users\lucas.goulart\.m2\repository\org\mockito\mockito-core\5.8.0\mockito-core-5.8.0.jar;C:\Users\lucas.goulart\.m2\repository\net\bytebuddy\byte-buddy-agent\1.14.10\byte-buddy-agent-1.14.10.jar;C:\Users\lucas.goulart\.m2\repository\org\objenesis\objenesis\3.3\objenesis-3.3.jar;C:\Users\lucas.goulart\.m2\repository\io\quarkus\quarkus-junit5-mockito-config\3.8.6\quarkus-junit5-mockito-config-3.8.6.jar;C:\Users\lucas.goulart\.m2\repository\io\quarkus\quarkus-arc-deployment\3.8.6\quarkus-arc-deployment-3.8.6.jar;C:\Users\lucas.goulart\.m2\repository\io\quarkus\quarkus-smallrye-context-propagation-spi\3.8.6\quarkus-smallrye-context-propagation-spi-3.8.6.jar;C:\Users\lucas.goulart\.m2\repository\io\quarkus\quarkus-vertx-http-dev-ui-spi\3.8.6\quarkus-vertx-http-dev-ui-spi-3.8.6.jar;C:\Users\lucas.goulart\.m2\repository\io\quarkus\arc\arc-processor\3.8.6\arc-processor-3.8.6.jar;C:\Users\lucas.goulart\.m2\repository\io\quarkus\quarkus-arc-test-supplement\3.8.6\quarkus-arc-test-supplement-3.8.6.jar;C:\Users\lucas.goulart\.m2\repository\org\mockito\mockito-subclass\5.8.0\mockito-subclass-5.8.0.jar;C:\Users\lucas.goulart\.m2\repository\io\quarkus\quarkus-mutiny\3.8.6\quarkus-mutiny-3.8.6.jar;C:\Users\lucas.goulart\.m2\repository\io\smallrye\reactive\mutiny-smallrye-context-propagation\2.5.8\mutiny-smallrye-context-propagation-2.5.8.jar;C:\Users\lucas.goulart\.m2\repository\org\instancio\instancio-junit\2.11.0\instancio-junit-2.11.0.jar;C:\Users\lucas.goulart\.m2\repository\org\instancio\instancio-core\2.11.0\instancio-core-2.11.0.jar;C:\Users\lucas.goulart\.m2\repository\org\inferred\freebuilder\2.8.0\freebuilder-2.8.0.jar;C:\Users\lucas.goulart\.m2\repository\org\flywaydb\flyway-mysql\9.22.3\flyway-mysql-9.22.3.jar;C:\Users\lucas.goulart\.m2\repository\io\rest-assured\rest-assured\5.4.0\rest-assured-5.4.0.jar;C:\Users\lucas.goulart\.m2\repository\org\apache\groovy\groovy\4.0.16\groovy-4.0.16.jar;C:\Users\lucas.goulart\.m2\repository\org\apache\groovy\groovy-xml\4.0.16\groovy-xml-4.0.16.jar;C:\Users\lucas.goulart\.m2\repository\org\apache\httpcomponents\httpclient\4.5.14\httpclient-4.5.14.jar;C:\Users\lucas.goulart\.m2\repository\org\apache\httpcomponents\httpcore\4.4.16\httpcore-4.4.16.jar;C:\Users\lucas.goulart\.m2\repository\commons-codec\commons-codec\1.16.1\commons-codec-1.16.1.jar;C:\Users\lucas.goulart\.m2\repository\org\apache\httpcomponents\httpmime\4.5.14\httpmime-4.5.14.jar;C:\Users\lucas.goulart\.m2\repository\org\hamcrest\hamcrest\2.2\hamcrest-2.2.jar;C:\Users\lucas.goulart\.m2\repository\org\ccil\cowan\tagsoup\tagsoup\1.2.1\tagsoup-1.2.1.jar;C:\Users\lucas.goulart\.m2\repository\io\rest-assured\json-path\5.4.0\json-path-5.4.0.jar;C:\Users\lucas.goulart\.m2\repository\org\apache\groovy\groovy-json\4.0.16\groovy-json-4.0.16.jar;C:\Users\lucas.goulart\.m2\repository\io\rest-assured\rest-assured-common\5.4.0\rest-assured-common-5.4.0.jar;C:\Users\lucas.goulart\.m2\repository\io\rest-assured\xml-path\5.4.0\xml-path-5.4.0.jar;C:\Users\lucas.goulart\.m2\repository\org\apache\commons\commons-lang3\3.14.0\commons-lang3-3.14.0.jar;"/>
    <property name="java.vm.vendor" value="Oracle Corporation"/>
    <property name="sun.arch.data.model" value="64"/>
    <property name="user.variant" value=""/>
    <property name="java.vendor.url" value="https://java.oracle.com/"/>
    <property name="user.timezone" value="America/Sao_Paulo"/>
    <property name="logging.initial-configurator.min-level" value="500"/>
    <property name="java.vm.specification.version" value="21"/>
    <property name="os.name" value="Windows 10"/>
    <property name="sun.java.launcher" value="SUN_STANDARD"/>
    <property name="user.country" value="BR"/>
    <property name="groovy.use.classvalue" value="false"/>
    <property name="mp.openapi.extensions.smallrye.defaultProduces" value="application/json"/>
    <property name="sun.boot.library.path" value="C:\Program Files\Java\jdk-21\bin"/>
    <property name="sun.java.command" value="C:\Users\lucas.goulart\AppData\Local\Temp\surefire6288616111255314569\surefirebooter-20241028204045572_3.jar C:\Users\lucas.goulart\AppData\Local\Temp\surefire6288616111255314569 2024-10-28T20-40-45_283-jvmRun1 surefire-20241028204045572_1tmp surefire_0-20241028204045572_2tmp"/>
    <property name="jdk.debug" value="release"/>
    <property name="maven.home" value="C:\Users\lucas.goulart\.m2\wrapper\dists\apache-maven-3.9.8-bin\337e6d14\apache-maven-3.9.8"/>
    <property name="surefire.test.class.path" value="C:\Users\lucas.goulart\Desktop\Workspace\JAVA\dio-lab-quarkus\election-management\target\test-classes;C:\Users\lucas.goulart\Desktop\Workspace\JAVA\dio-lab-quarkus\election-management\target\classes;C:\Users\lucas.goulart\.m2\repository\io\quarkus\quarkus-logging-gelf\3.8.6\quarkus-logging-gelf-3.8.6.jar;C:\Users\lucas.goulart\.m2\repository\biz\paluch\logging\logstash-gelf\1.15.1\logstash-gelf-1.15.1.jar;C:\Users\lucas.goulart\.m2\repository\io\quarkus\quarkus-core\3.8.6\quarkus-core-3.8.6.jar;C:\Users\lucas.goulart\.m2\repository\jakarta\annotation\jakarta.annotation-api\2.1.1\jakarta.annotation-api-2.1.1.jar;C:\Users\lucas.goulart\.m2\repository\jakarta\inject\jakarta.inject-api\2.0.1\jakarta.inject-api-2.0.1.jar;C:\Users\lucas.goulart\.m2\repository\io\smallrye\common\smallrye-common-os\2.2.0\smallrye-common-os-2.2.0.jar;C:\Users\lucas.goulart\.m2\repository\io\quarkus\quarkus-ide-launcher\3.8.6\quarkus-ide-launcher-3.8.6.jar;C:\Users\lucas.goulart\.m2\repository\io\quarkus\quarkus-development-mode-spi\3.8.6\quarkus-development-mode-spi-3.8.6.jar;C:\Users\lucas.goulart\.m2\repository\io\smallrye\config\smallrye-config\3.5.4\smallrye-config-3.5.4.jar;C:\Users\lucas.goulart\.m2\repository\io\smallrye\config\smallrye-config-core\3.5.4\smallrye-config-core-3.5.4.jar;C:\Users\lucas.goulart\.m2\repository\io\smallrye\common\smallrye-common-classloader\2.2.0\smallrye-common-classloader-2.2.0.jar;C:\Users\lucas.goulart\.m2\repository\io\smallrye\config\smallrye-config-common\3.5.4\smallrye-config-common-3.5.4.jar;C:\Users\lucas.goulart\.m2\repository\org\jboss\logging\jboss-logging\3.5.3.Final\jboss-logging-3.5.3.Final.jar;C:\Users\lucas.goulart\.m2\repository\org\jboss\logmanager\jboss-logmanager\3.0.6.Final\jboss-logmanager-3.0.6.Final.jar;C:\Users\lucas.goulart\.m2\repository\io\smallrye\common\smallrye-common-cpu\2.2.0\smallrye-common-cpu-2.2.0.jar;C:\Users\lucas.goulart\.m2\repository\io\smallrye\common\smallrye-common-expression\2.2.0\smallrye-common-expression-2.2.0.jar;C:\Users\lucas.goulart\.m2\repository\io\smallrye\common\smallrye-common-function\2.2.0\smallrye-common-function-2.2.0.jar;C:\Users\lucas.goulart\.m2\repository\io\smallrye\common\smallrye-common-net\2.2.0\smallrye-common-net-2.2.0.jar;C:\Users\lucas.goulart\.m2\repository\io\smallrye\common\smallrye-common-ref\2.2.0\smallrye-common-ref-2.2.0.jar;C:\Users\lucas.goulart\.m2\repository\org\jboss\logging\jboss-logging-annotations\2.2.1.Final\jboss-logging-annotations-2.2.1.Final.jar;C:\Users\lucas.goulart\.m2\repository\org\jboss\threads\jboss-threads\3.5.1.Final\jboss-threads-3.5.1.Final.jar;C:\Users\lucas.goulart\.m2\repository\org\slf4j\slf4j-api\2.0.6\slf4j-api-2.0.6.jar;C:\Users\lucas.goulart\.m2\repository\org\wildfly\common\wildfly-common\1.7.0.Final\wildfly-common-1.7.0.Final.jar;C:\Users\lucas.goulart\.m2\repository\io\quarkus\quarkus-bootstrap-runner\3.8.6\quarkus-bootstrap-runner-3.8.6.jar;C:\Users\lucas.goulart\.m2\repository\io\quarkus\quarkus-fs-util\0.0.10\quarkus-fs-util-0.0.10.jar;C:\Users\lucas.goulart\.m2\repository\io\quarkus\quarkus-smallrye-health\3.8.6\quarkus-smallrye-health-3.8.6.jar;C:\Users\lucas.goulart\.m2\repository\io\smallrye\smallrye-health\4.1.0\smallrye-health-4.1.0.jar;C:\Users\lucas.goulart\.m2\repository\org\eclipse\microprofile\health\microprofile-health-api\4.0.1\microprofile-health-api-4.0.1.jar;C:\Users\lucas.goulart\.m2\repository\io\smallrye\smallrye-health-api\4.1.0\smallrye-health-api-4.1.0.jar;C:\Users\lucas.goulart\.m2\repository\jakarta\json\jakarta.json-api\2.1.3\jakarta.json-api-2.1.3.jar;C:\Users\lucas.goulart\.m2\repository\io\smallrye\smallrye-health-provided-checks\4.1.0\smallrye-health-provided-checks-4.1.0.jar;C:\Users\lucas.goulart\.m2\repository\io\quarkus\quarkus-vertx-http\3.8.6\quarkus-vertx-http-3.8.6.jar;C:\Users\lucas.goulart\.m2\repository\io\quarkus\quarkus-security-runtime-spi\3.8.6\quarkus-security-runtime-spi-3.8.6.jar;C:\Users\lucas.goulart\.m2\repository\io\quarkus\quarkus-credentials\3.8.6\quarkus-credentials-3.8.6.jar;C:\Users\lucas.goulart\.m2\repository\io\quarkus\security\quarkus-security\2.0.3.Final\quarkus-security-2.0.3.Final.jar;C:\Users\lucas.goulart\.m2\repository\io\smallrye\reactive\smallrye-mutiny-vertx-web\3.11.0\smallrye-mutiny-vertx-web-3.11.0.jar;C:\Users\lucas.goulart\.m2\repository\io\smallrye\reactive\smallrye-mutiny-vertx-web-common\3.11.0\smallrye-mutiny-vertx-web-common-3.11.0.jar;C:\Users\lucas.goulart\.m2\repository\io\smallrye\reactive\smallrye-mutiny-vertx-auth-common\3.11.0\smallrye-mutiny-vertx-auth-common-3.11.0.jar;C:\Users\lucas.goulart\.m2\repository\io\smallrye\reactive\smallrye-mutiny-vertx-bridge-common\3.11.0\smallrye-mutiny-vertx-bridge-common-3.11.0.jar;C:\Users\lucas.goulart\.m2\repository\io\smallrye\reactive\smallrye-mutiny-vertx-uri-template\3.11.0\smallrye-mutiny-vertx-uri-template-3.11.0.jar;C:\Users\lucas.goulart\.m2\repository\io\vertx\vertx-uri-template\4.5.7\vertx-uri-template-4.5.7.jar;C:\Users\lucas.goulart\.m2\repository\io\vertx\vertx-web\4.5.7\vertx-web-4.5.7.jar;C:\Users\lucas.goulart\.m2\repository\io\vertx\vertx-web-common\4.5.7\vertx-web-common-4.5.7.jar;C:\Users\lucas.goulart\.m2\repository\io\vertx\vertx-auth-common\4.5.7\vertx-auth-common-4.5.7.jar;C:\Users\lucas.goulart\.m2\repository\io\vertx\vertx-bridge-common\4.5.7\vertx-bridge-common-4.5.7.jar;C:\Users\lucas.goulart\.m2\repository\io\github\crac\org-crac\0.1.3\org-crac-0.1.3.jar;C:\Users\lucas.goulart\.m2\repository\io\quarkus\quarkus-jsonp\3.8.6\quarkus-jsonp-3.8.6.jar;C:\Users\lucas.goulart\.m2\repository\org\eclipse\parsson\parsson\1.1.5\parsson-1.1.5.jar;C:\Users\lucas.goulart\.m2\repository\io\quarkus\quarkus-smallrye-context-propagation\3.8.6\quarkus-smallrye-context-propagation-3.8.6.jar;C:\Users\lucas.goulart\.m2\repository\io\smallrye\smallrye-context-propagation\2.1.2\smallrye-context-propagation-2.1.2.jar;C:\Users\lucas.goulart\.m2\repository\org\eclipse\microprofile\config\microprofile-config-api\3.1\microprofile-config-api-3.1.jar;C:\Users\lucas.goulart\.m2\repository\io\smallrye\smallrye-context-propagation-api\2.1.2\smallrye-context-propagation-api-2.1.2.jar;C:\Users\lucas.goulart\.m2\repository\io\smallrye\smallrye-context-propagation-storage\2.1.2\smallrye-context-propagation-storage-2.1.2.jar;C:\Users\lucas.goulart\.m2\repository\jakarta\enterprise\jakarta.enterprise.cdi-api\4.0.1\jakarta.enterprise.cdi-api-4.0.1.jar;C:\Users\lucas.goulart\.m2\repository\jakarta\enterprise\jakarta.enterprise.lang-model\4.0.1\jakarta.enterprise.lang-model-4.0.1.jar;C:\Users\lucas.goulart\.m2\repository\jakarta\el\jakarta.el-api\5.0.1\jakarta.el-api-5.0.1.jar;C:\Users\lucas.goulart\.m2\repository\jakarta\interceptor\jakarta.interceptor-api\2.1.0\jakarta.interceptor-api-2.1.0.jar;C:\Users\lucas.goulart\.m2\repository\io\quarkus\quarkus-resteasy-reactive\3.8.6\quarkus-resteasy-reactive-3.8.6.jar;C:\Users\lucas.goulart\.m2\repository\io\quarkus\quarkus-resteasy-reactive-common\3.8.6\quarkus-resteasy-reactive-common-3.8.6.jar;C:\Users\lucas.goulart\.m2\repository\io\quarkus\resteasy\reactive\resteasy-reactive-common\3.8.6\resteasy-reactive-common-3.8.6.jar;C:\Users\lucas.goulart\.m2\repository\io\quarkus\resteasy\reactive\resteasy-reactive-common-types\3.8.6\resteasy-reactive-common-types-3.8.6.jar;C:\Users\lucas.goulart\.m2\repository\org\reactivestreams\reactive-streams\1.0.4\reactive-streams-1.0.4.jar;C:\Users\lucas.goulart\.m2\repository\io\quarkus\resteasy\reactive\resteasy-reactive-vertx\3.8.6\resteasy-reactive-vertx-3.8.6.jar;C:\Users\lucas.goulart\.m2\repository\io\smallrye\reactive\smallrye-mutiny-vertx-core\3.11.0\smallrye-mutiny-vertx-core-3.11.0.jar;C:\Users\lucas.goulart\.m2\repository\io\smallrye\reactive\smallrye-mutiny-vertx-runtime\3.11.0\smallrye-mutiny-vertx-runtime-3.11.0.jar;C:\Users\lucas.goulart\.m2\repository\io\smallrye\reactive\vertx-mutiny-generator\3.11.0\vertx-mutiny-generator-3.11.0.jar;C:\Users\lucas.goulart\.m2\repository\io\vertx\vertx-codegen\4.5.7\vertx-codegen-4.5.7.jar;C:\Users\lucas.goulart\.m2\repository\io\quarkus\resteasy\reactive\resteasy-reactive\3.8.6\resteasy-reactive-3.8.6.jar;C:\Users\lucas.goulart\.m2\repository\jakarta\ws\rs\jakarta.ws.rs-api\3.1.0\jakarta.ws.rs-api-3.1.0.jar;C:\Users\lucas.goulart\.m2\repository\org\jboss\logging\commons-logging-jboss-logging\1.0.0.Final\commons-logging-jboss-logging-1.0.0.Final.jar;C:\Users\lucas.goulart\.m2\repository\io\quarkus\quarkus-virtual-threads\3.8.6\quarkus-virtual-threads-3.8.6.jar;C:\Users\lucas.goulart\.m2\repository\io\vertx\vertx-core\4.5.7\vertx-core-4.5.7.jar;C:\Users\lucas.goulart\.m2\repository\io\netty\netty-common\4.1.108.Final\netty-common-4.1.108.Final.jar;C:\Users\lucas.goulart\.m2\repository\io\netty\netty-buffer\4.1.108.Final\netty-buffer-4.1.108.Final.jar;C:\Users\lucas.goulart\.m2\repository\io\netty\netty-transport\4.1.108.Final\netty-transport-4.1.108.Final.jar;C:\Users\lucas.goulart\.m2\repository\io\netty\netty-handler\4.1.108.Final\netty-handler-4.1.108.Final.jar;C:\Users\lucas.goulart\.m2\repository\io\netty\netty-transport-native-unix-common\4.1.108.Final\netty-transport-native-unix-common-4.1.108.Final.jar;C:\Users\lucas.goulart\.m2\repository\io\netty\netty-handler-proxy\4.1.108.Final\netty-handler-proxy-4.1.108.Final.jar;C:\Users\lucas.goulart\.m2\repository\io\netty\netty-codec-socks\4.1.108.Final\netty-codec-socks-4.1.108.Final.jar;C:\Users\lucas.goulart\.m2\repository\io\netty\netty-codec-http\4.1.108.Final\netty-codec-http-4.1.108.Final.jar;C:\Users\lucas.goulart\.m2\repository\io\netty\netty-codec-http2\4.1.108.Final\netty-codec-http2-4.1.108.Final.jar;C:\Users\lucas.goulart\.m2\repository\io\netty\netty-resolver\4.1.108.Final\netty-resolver-4.1.108.Final.jar;C:\Users\lucas.goulart\.m2\repository\io\netty\netty-resolver-dns\4.1.108.Final\netty-resolver-dns-4.1.108.Final.jar;C:\Users\lucas.goulart\.m2\repository\io\netty\netty-codec-dns\4.1.108.Final\netty-codec-dns-4.1.108.Final.jar;C:\Users\lucas.goulart\.m2\repository\io\quarkus\quarkus-resteasy-reactive-jackson\3.8.6\quarkus-resteasy-reactive-jackson-3.8.6.jar;C:\Users\lucas.goulart\.m2\repository\io\quarkus\quarkus-resteasy-reactive-jackson-common\3.8.6\quarkus-resteasy-reactive-jackson-common-3.8.6.jar;C:\Users\lucas.goulart\.m2\repository\io\quarkus\resteasy\reactive\resteasy-reactive-jackson\3.8.6\resteasy-reactive-jackson-3.8.6.jar;C:\Users\lucas.goulart\.m2\repository\io\quarkus\quarkus-smallrye-openapi\3.8.6\quarkus-smallrye-openapi-3.8.6.jar;C:\Users\lucas.goulart\.m2\repository\io\smallrye\smallrye-open-api-core\3.10.0\smallrye-open-api-core-3.10.0.jar;C:\Users\lucas.goulart\.m2\repository\org\eclipse\microprofile\openapi\microprofile-openapi-api\3.1.1\microprofile-openapi-api-3.1.1.jar;C:\Users\lucas.goulart\.m2\repository\com\fasterxml\jackson\core\jackson-core\2.17.2\jackson-core-2.17.2.jar;C:\Users\lucas.goulart\.m2\repository\com\fasterxml\jackson\core\jackson-databind\2.17.2\jackson-databind-2.17.2.jar;C:\Users\lucas.goulart\.m2\repository\com\fasterxml\jackson\core\jackson-annotations\2.17.2\jackson-annotations-2.17.2.jar;C:\Users\lucas.goulart\.m2\repository\com\fasterxml\jackson\dataformat\jackson-dataformat-yaml\2.17.2\jackson-dataformat-yaml-2.17.2.jar;C:\Users\lucas.goulart\.m2\repository\org\yaml\snakeyaml\2.2\snakeyaml-2.2.jar;C:\Users\lucas.goulart\.m2\repository\io\smallrye\jandex\3.1.6\jandex-3.1.6.jar;C:\Users\lucas.goulart\.m2\repository\io\quarkus\quarkus-swagger-ui\3.8.6\quarkus-swagger-ui-3.8.6.jar;C:\Users\lucas.goulart\.m2\repository\io\quarkus\quarkus-opentelemetry\3.8.6\quarkus-opentelemetry-3.8.6.jar;C:\Users\lucas.goulart\.m2\repository\io\quarkus\quarkus-vertx\3.8.6\quarkus-vertx-3.8.6.jar;C:\Users\lucas.goulart\.m2\repository\io\quarkus\quarkus-netty\3.8.6\quarkus-netty-3.8.6.jar;C:\Users\lucas.goulart\.m2\repository\io\netty\netty-codec\4.1.108.Final\netty-codec-4.1.108.Final.jar;C:\Users\lucas.goulart\.m2\repository\com\aayushatharva\brotli4j\brotli4j\1.16.0\brotli4j-1.16.0.jar;C:\Users\lucas.goulart\.m2\repository\com\aayushatharva\brotli4j\service\1.16.0\service-1.16.0.jar;C:\Users\lucas.goulart\.m2\repository\com\aayushatharva\brotli4j\native-windows-x86_64\1.16.0\native-windows-x86_64-1.16.0.jar;C:\Users\lucas.goulart\.m2\repository\io\netty\netty-codec-haproxy\4.1.108.Final\netty-codec-haproxy-4.1.108.Final.jar;C:\Users\lucas.goulart\.m2\repository\io\smallrye\common\smallrye-common-annotation\2.2.0\smallrye-common-annotation-2.2.0.jar;C:\Users\lucas.goulart\.m2\repository\io\quarkus\quarkus-vertx-latebound-mdc-provider\3.8.6\quarkus-vertx-latebound-mdc-provider-3.8.6.jar;C:\Users\lucas.goulart\.m2\repository\io\smallrye\smallrye-fault-tolerance-vertx\6.2.6\smallrye-fault-tolerance-vertx-6.2.6.jar;C:\Users\lucas.goulart\.m2\repository\io\quarkus\quarkus-grpc-common\3.8.6\quarkus-grpc-common-3.8.6.jar;C:\Users\lucas.goulart\.m2\repository\com\google\code\findbugs\jsr305\3.0.2\jsr305-3.0.2.jar;C:\Users\lucas.goulart\.m2\repository\io\vertx\vertx-grpc\4.5.7\vertx-grpc-4.5.7.jar;C:\Users\lucas.goulart\.m2\repository\io\grpc\grpc-netty\1.59.1\grpc-netty-1.59.1.jar;C:\Users\lucas.goulart\.m2\repository\io\grpc\grpc-core\1.59.1\grpc-core-1.59.1.jar;C:\Users\lucas.goulart\.m2\repository\io\grpc\grpc-context\1.59.1\grpc-context-1.59.1.jar;C:\Users\lucas.goulart\.m2\repository\io\grpc\grpc-util\1.59.1\grpc-util-1.59.1.jar;C:\Users\lucas.goulart\.m2\repository\io\perfmark\perfmark-api\0.26.0\perfmark-api-0.26.0.jar;C:\Users\lucas.goulart\.m2\repository\io\grpc\grpc-protobuf\1.59.1\grpc-protobuf-1.59.1.jar;C:\Users\lucas.goulart\.m2\repository\com\google\protobuf\protobuf-java\3.25.0\protobuf-java-3.25.0.jar;C:\Users\lucas.goulart\.m2\repository\com\google\api\grpc\proto-google-common-protos\2.28.0\proto-google-common-protos-2.28.0.jar;C:\Users\lucas.goulart\.m2\repository\io\grpc\grpc-protobuf-lite\1.59.1\grpc-protobuf-lite-1.59.1.jar;C:\Users\lucas.goulart\.m2\repository\com\google\guava\guava\33.0.0-jre\guava-33.0.0-jre.jar;C:\Users\lucas.goulart\.m2\repository\com\google\guava\failureaccess\1.0.1\failureaccess-1.0.1.jar;C:\Users\lucas.goulart\.m2\repository\com\google\j2objc\j2objc-annotations\2.8\j2objc-annotations-2.8.jar;C:\Users\lucas.goulart\.m2\repository\io\vertx\vertx-grpc-server\4.5.7\vertx-grpc-server-4.5.7.jar;C:\Users\lucas.goulart\.m2\repository\io\smallrye\common\smallrye-common-vertx-context\2.2.0\smallrye-common-vertx-context-2.2.0.jar;C:\Users\lucas.goulart\.m2\repository\io\smallrye\common\smallrye-common-constraint\2.2.0\smallrye-common-constraint-2.2.0.jar;C:\Users\lucas.goulart\.m2\repository\io\opentelemetry\opentelemetry-sdk-extension-autoconfigure\1.32.0\opentelemetry-sdk-extension-autoconfigure-1.32.0.jar;C:\Users\lucas.goulart\.m2\repository\io\opentelemetry\opentelemetry-sdk\1.32.0\opentelemetry-sdk-1.32.0.jar;C:\Users\lucas.goulart\.m2\repository\io\opentelemetry\opentelemetry-sdk-common\1.32.0\opentelemetry-sdk-common-1.32.0.jar;C:\Users\lucas.goulart\.m2\repository\io\opentelemetry\opentelemetry-sdk-trace\1.32.0\opentelemetry-sdk-trace-1.32.0.jar;C:\Users\lucas.goulart\.m2\repository\io\opentelemetry\opentelemetry-sdk-metrics\1.32.0\opentelemetry-sdk-metrics-1.32.0.jar;C:\Users\lucas.goulart\.m2\repository\io\opentelemetry\opentelemetry-sdk-logs\1.32.0\opentelemetry-sdk-logs-1.32.0.jar;C:\Users\lucas.goulart\.m2\repository\io\opentelemetry\opentelemetry-extension-annotations\1.18.0\opentelemetry-extension-annotations-1.18.0.jar;C:\Users\lucas.goulart\.m2\repository\io\opentelemetry\opentelemetry-sdk-extension-autoconfigure-spi\1.32.0\opentelemetry-sdk-extension-autoconfigure-spi-1.32.0.jar;C:\Users\lucas.goulart\.m2\repository\io\opentelemetry\semconv\opentelemetry-semconv\1.26.0-alpha\opentelemetry-semconv-1.26.0-alpha.jar;C:\Users\lucas.goulart\.m2\repository\io\opentelemetry\opentelemetry-api-events\1.32.0-alpha\opentelemetry-api-events-1.32.0-alpha.jar;C:\Users\lucas.goulart\.m2\repository\io\opentelemetry\instrumentation\opentelemetry-instrumentation-api\1.32.0\opentelemetry-instrumentation-api-1.32.0.jar;C:\Users\lucas.goulart\.m2\repository\io\opentelemetry\opentelemetry-extension-incubator\1.32.0-alpha\opentelemetry-extension-incubator-1.32.0-alpha.jar;C:\Users\lucas.goulart\.m2\repository\io\opentelemetry\instrumentation\opentelemetry-instrumentation-annotations\1.32.0\opentelemetry-instrumentation-annotations-1.32.0.jar;C:\Users\lucas.goulart\.m2\repository\io\opentelemetry\instrumentation\opentelemetry-instrumentation-annotations-support\1.32.0-alpha\opentelemetry-instrumentation-annotations-support-1.32.0-alpha.jar;C:\Users\lucas.goulart\.m2\repository\io\opentelemetry\instrumentation\opentelemetry-instrumentation-api-semconv\1.32.0-alpha\opentelemetry-instrumentation-api-semconv-1.32.0-alpha.jar;C:\Users\lucas.goulart\.m2\repository\io\opentelemetry\opentelemetry-exporter-otlp-common\1.32.0\opentelemetry-exporter-otlp-common-1.32.0.jar;C:\Users\lucas.goulart\.m2\repository\io\opentelemetry\opentelemetry-exporter-common\1.32.0\opentelemetry-exporter-common-1.32.0.jar;C:\Users\lucas.goulart\.m2\repository\io\opentelemetry\opentelemetry-exporter-otlp\1.32.0\opentelemetry-exporter-otlp-1.32.0.jar;C:\Users\lucas.goulart\.m2\repository\io\opentelemetry\opentelemetry-exporter-sender-okhttp\1.32.0\opentelemetry-exporter-sender-okhttp-1.32.0.jar;C:\Users\lucas.goulart\.m2\repository\io\vertx\vertx-grpc-client\4.5.7\vertx-grpc-client-4.5.7.jar;C:\Users\lucas.goulart\.m2\repository\io\vertx\vertx-grpc-common\4.5.7\vertx-grpc-common-4.5.7.jar;C:\Users\lucas.goulart\.m2\repository\io\grpc\grpc-stub\1.59.1\grpc-stub-1.59.1.jar;C:\Users\lucas.goulart\.m2\repository\io\grpc\grpc-api\1.59.1\grpc-api-1.59.1.jar;C:\Users\lucas.goulart\.m2\repository\io\quarkus\quarkus-arc\3.8.6\quarkus-arc-3.8.6.jar;C:\Users\lucas.goulart\.m2\repository\io\quarkus\arc\arc\3.8.6\arc-3.8.6.jar;C:\Users\lucas.goulart\.m2\repository\io\smallrye\reactive\mutiny\2.5.8\mutiny-2.5.8.jar;C:\Users\lucas.goulart\.m2\repository\org\eclipse\microprofile\context-propagation\microprofile-context-propagation-api\1.3\microprofile-context-propagation-api-1.3.jar;C:\Users\lucas.goulart\.m2\repository\io\quarkus\quarkus-flyway\3.8.6\quarkus-flyway-3.8.6.jar;C:\Users\lucas.goulart\.m2\repository\org\flywaydb\flyway-core\9.22.3\flyway-core-9.22.3.jar;C:\Users\lucas.goulart\.m2\repository\com\fasterxml\jackson\dataformat\jackson-dataformat-toml\2.17.2\jackson-dataformat-toml-2.17.2.jar;C:\Users\lucas.goulart\.m2\repository\com\google\code\gson\gson\2.10.1\gson-2.10.1.jar;C:\Users\lucas.goulart\.m2\repository\io\quarkus\quarkus-agroal\3.8.6\quarkus-agroal-3.8.6.jar;C:\Users\lucas.goulart\.m2\repository\io\quarkus\quarkus-datasource\3.8.6\quarkus-datasource-3.8.6.jar;C:\Users\lucas.goulart\.m2\repository\io\agroal\agroal-api\2.4\agroal-api-2.4.jar;C:\Users\lucas.goulart\.m2\repository\io\agroal\agroal-narayana\2.4\agroal-narayana-2.4.jar;C:\Users\lucas.goulart\.m2\repository\org\jboss\jboss-transaction-spi\8.0.0.Final\jboss-transaction-spi-8.0.0.Final.jar;C:\Users\lucas.goulart\.m2\repository\io\agroal\agroal-pool\2.4\agroal-pool-2.4.jar;C:\Users\lucas.goulart\.m2\repository\io\quarkus\quarkus-narayana-jta\3.8.6\quarkus-narayana-jta-3.8.6.jar;C:\Users\lucas.goulart\.m2\repository\io\quarkus\quarkus-transaction-annotations\3.8.6\quarkus-transaction-annotations-3.8.6.jar;C:\Users\lucas.goulart\.m2\repository\io\smallrye\smallrye-context-propagation-jta\2.1.2\smallrye-context-propagation-jta-2.1.2.jar;C:\Users\lucas.goulart\.m2\repository\io\smallrye\reactive\smallrye-reactive-converter-api\3.0.1\smallrye-reactive-converter-api-3.0.1.jar;C:\Users\lucas.goulart\.m2\repository\io\smallrye\reactive\smallrye-reactive-converter-mutiny\3.0.1\smallrye-reactive-converter-mutiny-3.0.1.jar;C:\Users\lucas.goulart\.m2\repository\io\smallrye\reactive\mutiny-zero-flow-adapters\1.0.0\mutiny-zero-flow-adapters-1.0.0.jar;C:\Users\lucas.goulart\.m2\repository\org\jboss\narayana\jta\narayana-jta\7.0.2.Final\narayana-jta-7.0.2.Final.jar;C:\Users\lucas.goulart\.m2\repository\jakarta\resource\jakarta.resource-api\2.1.0\jakarta.resource-api-2.1.0.jar;C:\Users\lucas.goulart\.m2\repository\org\jboss\invocation\jboss-invocation\2.0.0.Final\jboss-invocation-2.0.0.Final.jar;C:\Users\lucas.goulart\.m2\repository\org\eclipse\microprofile\reactive-streams-operators\microprofile-reactive-streams-operators-api\3.0\microprofile-reactive-streams-operators-api-3.0.jar;C:\Users\lucas.goulart\.m2\repository\org\jboss\narayana\jts\narayana-jts-integration\7.0.2.Final\narayana-jts-integration-7.0.2.Final.jar;C:\Users\lucas.goulart\.m2\repository\io\quarkus\quarkus-datasource-common\3.8.6\quarkus-datasource-common-3.8.6.jar;C:\Users\lucas.goulart\.m2\repository\io\quarkus\quarkus-jdbc-mariadb\3.8.6\quarkus-jdbc-mariadb-3.8.6.jar;C:\Users\lucas.goulart\.m2\repository\org\mariadb\jdbc\mariadb-java-client\3.3.3\mariadb-java-client-3.3.3.jar;C:\Users\lucas.goulart\.m2\repository\com\github\waffle\waffle-jna\3.3.0\waffle-jna-3.3.0.jar;C:\Users\lucas.goulart\.m2\repository\net\java\dev\jna\jna\5.8.0\jna-5.8.0.jar;C:\Users\lucas.goulart\.m2\repository\net\java\dev\jna\jna-platform\5.8.0\jna-platform-5.8.0.jar;C:\Users\lucas.goulart\.m2\repository\io\quarkus\quarkus-hibernate-orm\3.8.6\quarkus-hibernate-orm-3.8.6.jar;C:\Users\lucas.goulart\.m2\repository\org\hibernate\orm\hibernate-core\6.4.8.Final\hibernate-core-6.4.8.Final.jar;C:\Users\lucas.goulart\.m2\repository\com\fasterxml\classmate\1.6.0\classmate-1.6.0.jar;C:\Users\lucas.goulart\.m2\repository\org\antlr\antlr4-runtime\4.13.0\antlr4-runtime-4.13.0.jar;C:\Users\lucas.goulart\.m2\repository\net\bytebuddy\byte-buddy\1.14.11\byte-buddy-1.14.11.jar;C:\Users\lucas.goulart\.m2\repository\org\hibernate\common\hibernate-commons-annotations\6.0.6.Final\hibernate-commons-annotations-6.0.6.Final.jar;C:\Users\lucas.goulart\.m2\repository\org\hibernate\orm\hibernate-graalvm\6.4.8.Final\hibernate-graalvm-6.4.8.Final.jar;C:\Users\lucas.goulart\.m2\repository\org\glassfish\jaxb\jaxb-runtime\4.0.4\jaxb-runtime-4.0.4.jar;C:\Users\lucas.goulart\.m2\repository\org\glassfish\jaxb\jaxb-core\4.0.4\jaxb-core-4.0.4.jar;C:\Users\lucas.goulart\.m2\repository\org\eclipse\angus\angus-activation\2.0.1\angus-activation-2.0.1.jar;C:\Users\lucas.goulart\.m2\repository\org\glassfish\jaxb\txw2\4.0.4\txw2-4.0.4.jar;C:\Users\lucas.goulart\.m2\repository\com\sun\istack\istack-commons-runtime\4.1.2\istack-commons-runtime-4.1.2.jar;C:\Users\lucas.goulart\.m2\repository\jakarta\xml\bind\jakarta.xml.bind-api\4.0.1\jakarta.xml.bind-api-4.0.1.jar;C:\Users\lucas.goulart\.m2\repository\jakarta\activation\jakarta.activation-api\2.1.2\jakarta.activation-api-2.1.2.jar;C:\Users\lucas.goulart\.m2\repository\jakarta\persistence\jakarta.persistence-api\3.1.0\jakarta.persistence-api-3.1.0.jar;C:\Users\lucas.goulart\.m2\repository\jakarta\transaction\jakarta.transaction-api\2.0.1\jakarta.transaction-api-2.0.1.jar;C:\Users\lucas.goulart\.m2\repository\org\hibernate\quarkus-local-cache\0.3.0\quarkus-local-cache-0.3.0.jar;C:\Users\lucas.goulart\.m2\repository\io\quarkus\quarkus-caffeine\3.8.6\quarkus-caffeine-3.8.6.jar;C:\Users\lucas.goulart\.m2\repository\com\github\ben-manes\caffeine\caffeine\3.1.5\caffeine-3.1.5.jar;C:\Users\lucas.goulart\.m2\repository\com\google\errorprone\error_prone_annotations\2.24.0\error_prone_annotations-2.24.0.jar;C:\Users\lucas.goulart\.m2\repository\io\opentelemetry\instrumentation\opentelemetry-jdbc\1.32.0-alpha\opentelemetry-jdbc-1.32.0-alpha.jar;C:\Users\lucas.goulart\.m2\repository\io\opentelemetry\opentelemetry-api\1.32.0\opentelemetry-api-1.32.0.jar;C:\Users\lucas.goulart\.m2\repository\io\opentelemetry\opentelemetry-context\1.32.0\opentelemetry-context-1.32.0.jar;C:\Users\lucas.goulart\.m2\repository\io\quarkus\quarkus-redis-client\3.8.6\quarkus-redis-client-3.8.6.jar;C:\Users\lucas.goulart\.m2\repository\io\quarkus\quarkus-jackson\3.8.6\quarkus-jackson-3.8.6.jar;C:\Users\lucas.goulart\.m2\repository\com\fasterxml\jackson\datatype\jackson-datatype-jsr310\2.17.2\jackson-datatype-jsr310-2.17.2.jar;C:\Users\lucas.goulart\.m2\repository\com\fasterxml\jackson\datatype\jackson-datatype-jdk8\2.17.2\jackson-datatype-jdk8-2.17.2.jar;C:\Users\lucas.goulart\.m2\repository\com\fasterxml\jackson\module\jackson-module-parameter-names\2.17.2\jackson-module-parameter-names-2.17.2.jar;C:\Users\lucas.goulart\.m2\repository\io\smallrye\reactive\smallrye-mutiny-vertx-redis-client\3.11.0\smallrye-mutiny-vertx-redis-client-3.11.0.jar;C:\Users\lucas.goulart\.m2\repository\io\vertx\vertx-redis-client\4.5.7\vertx-redis-client-4.5.7.jar;C:\Users\lucas.goulart\.m2\repository\io\quarkus\quarkus-scheduler\3.8.6\quarkus-scheduler-3.8.6.jar;C:\Users\lucas.goulart\.m2\repository\io\quarkus\quarkus-scheduler-kotlin\3.8.6\quarkus-scheduler-kotlin-3.8.6.jar;C:\Users\lucas.goulart\.m2\repository\io\quarkus\quarkus-scheduler-common\3.8.6\quarkus-scheduler-common-3.8.6.jar;C:\Users\lucas.goulart\.m2\repository\io\quarkus\quarkus-scheduler-api\3.8.6\quarkus-scheduler-api-3.8.6.jar;C:\Users\lucas.goulart\.m2\repository\io\quarkus\quarkus-scheduler-spi\3.8.6\quarkus-scheduler-spi-3.8.6.jar;C:\Users\lucas.goulart\.m2\repository\com\cronutils\cron-utils\9.2.1\cron-utils-9.2.1.jar;C:\Users\lucas.goulart\.m2\repository\org\jboss\slf4j\slf4j-jboss-logmanager\2.0.0.Final\slf4j-jboss-logmanager-2.0.0.Final.jar;C:\Users\lucas.goulart\.m2\repository\org\glassfish\expressly\expressly\5.0.0\expressly-5.0.0.jar;C:\Users\lucas.goulart\.m2\repository\io\quarkus\quarkus-junit5\3.8.6\quarkus-junit5-3.8.6.jar;C:\Users\lucas.goulart\.m2\repository\io\quarkus\quarkus-bootstrap-core\3.8.6\quarkus-bootstrap-core-3.8.6.jar;C:\Users\lucas.goulart\.m2\repository\io\quarkus\quarkus-bootstrap-app-model\3.8.6\quarkus-bootstrap-app-model-3.8.6.jar;C:\Users\lucas.goulart\.m2\repository\io\smallrye\common\smallrye-common-io\2.2.0\smallrye-common-io-2.2.0.jar;C:\Users\lucas.goulart\.m2\repository\org\eclipse\sisu\org.eclipse.sisu.inject\0.9.0.M2\org.eclipse.sisu.inject-0.9.0.M2.jar;C:\Users\lucas.goulart\.m2\repository\io\quarkus\quarkus-test-common\3.8.6\quarkus-test-common-3.8.6.jar;C:\Users\lucas.goulart\.m2\repository\io\quarkus\quarkus-core-deployment\3.8.6\quarkus-core-deployment-3.8.6.jar;C:\Users\lucas.goulart\.m2\repository\org\aesh\readline\2.4\readline-2.4.jar;C:\Users\lucas.goulart\.m2\repository\org\fusesource\jansi\jansi\2.4.0\jansi-2.4.0.jar;C:\Users\lucas.goulart\.m2\repository\org\aesh\aesh\2.7\aesh-2.7.jar;C:\Users\lucas.goulart\.m2\repository\io\quarkus\gizmo\gizmo\1.7.0\gizmo-1.7.0.jar;C:\Users\lucas.goulart\.m2\repository\org\ow2\asm\asm-util\9.6\asm-util-9.6.jar;C:\Users\lucas.goulart\.m2\repository\org\ow2\asm\asm-analysis\9.6\asm-analysis-9.6.jar;C:\Users\lucas.goulart\.m2\repository\org\ow2\asm\asm\9.6\asm-9.6.jar;C:\Users\lucas.goulart\.m2\repository\org\ow2\asm\asm-commons\9.6\asm-commons-9.6.jar;C:\Users\lucas.goulart\.m2\repository\org\ow2\asm\asm-tree\9.6\asm-tree-9.6.jar;C:\Users\lucas.goulart\.m2\repository\io\quarkus\quarkus-class-change-agent\3.8.6\quarkus-class-change-agent-3.8.6.jar;C:\Users\lucas.goulart\.m2\repository\io\quarkus\quarkus-devtools-utilities\3.8.6\quarkus-devtools-utilities-3.8.6.jar;C:\Users\lucas.goulart\.m2\repository\io\quarkus\quarkus-builder\3.8.6\quarkus-builder-3.8.6.jar;C:\Users\lucas.goulart\.m2\repository\org\graalvm\sdk\nativeimage\23.1.2\nativeimage-23.1.2.jar;C:\Users\lucas.goulart\.m2\repository\org\graalvm\sdk\word\23.1.2\word-23.1.2.jar;C:\Users\lucas.goulart\.m2\repository\org\junit\platform\junit-platform-launcher\1.10.1\junit-platform-launcher-1.10.1.jar;C:\Users\lucas.goulart\.m2\repository\io\quarkus\quarkus-bootstrap-maven-resolver\3.8.6\quarkus-bootstrap-maven-resolver-3.8.6.jar;C:\Users\lucas.goulart\.m2\repository\io\smallrye\beanbag\smallrye-beanbag-maven\1.4.0\smallrye-beanbag-maven-1.4.0.jar;C:\Users\lucas.goulart\.m2\repository\io\smallrye\beanbag\smallrye-beanbag-sisu\1.4.0\smallrye-beanbag-sisu-1.4.0.jar;C:\Users\lucas.goulart\.m2\repository\io\smallrye\beanbag\smallrye-beanbag\1.4.0\smallrye-beanbag-1.4.0.jar;C:\Users\lucas.goulart\.m2\repository\javax\inject\javax.inject\1\javax.inject-1.jar;C:\Users\lucas.goulart\.m2\repository\org\apache\maven\maven-artifact\3.9.6\maven-artifact-3.9.6.jar;C:\Users\lucas.goulart\.m2\repository\org\apache\maven\maven-builder-support\3.9.6\maven-builder-support-3.9.6.jar;C:\Users\lucas.goulart\.m2\repository\org\apache\maven\maven-model\3.9.6\maven-model-3.9.6.jar;C:\Users\lucas.goulart\.m2\repository\org\apache\maven\maven-model-builder\3.9.6\maven-model-builder-3.9.6.jar;C:\Users\lucas.goulart\.m2\repository\org\apache\maven\maven-repository-metadata\3.9.6\maven-repository-metadata-3.9.6.jar;C:\Users\lucas.goulart\.m2\repository\org\apache\maven\maven-settings\3.9.6\maven-settings-3.9.6.jar;C:\Users\lucas.goulart\.m2\repository\org\apache\maven\resolver\maven-resolver-api\1.9.18\maven-resolver-api-1.9.18.jar;C:\Users\lucas.goulart\.m2\repository\org\apache\maven\resolver\maven-resolver-impl\1.9.18\maven-resolver-impl-1.9.18.jar;C:\Users\lucas.goulart\.m2\repository\org\apache\maven\resolver\maven-resolver-named-locks\1.9.18\maven-resolver-named-locks-1.9.18.jar;C:\Users\lucas.goulart\.m2\repository\org\apache\maven\resolver\maven-resolver-spi\1.9.18\maven-resolver-spi-1.9.18.jar;C:\Users\lucas.goulart\.m2\repository\org\apache\maven\resolver\maven-resolver-util\1.9.18\maven-resolver-util-1.9.18.jar;C:\Users\lucas.goulart\.m2\repository\org\apache\maven\resolver\maven-resolver-transport-http\1.9.18\maven-resolver-transport-http-1.9.18.jar;C:\Users\lucas.goulart\.m2\repository\org\apache\maven\wagon\wagon-provider-api\3.5.3\wagon-provider-api-3.5.3.jar;C:\Users\lucas.goulart\.m2\repository\org\apache\maven\wagon\wagon-http-shared\3.5.3\wagon-http-shared-3.5.3.jar;C:\Users\lucas.goulart\.m2\repository\org\codehaus\plexus\plexus-interpolation\1.26\plexus-interpolation-1.26.jar;C:\Users\lucas.goulart\.m2\repository\org\codehaus\plexus\plexus-utils\3.5.1\plexus-utils-3.5.1.jar;C:\Users\lucas.goulart\.m2\repository\org\codehaus\plexus\plexus-xml\4.0.0\plexus-xml-4.0.0.jar;C:\Users\lucas.goulart\.m2\repository\org\apache\maven\maven-xml-impl\4.0.0-alpha-5\maven-xml-impl-4.0.0-alpha-5.jar;C:\Users\lucas.goulart\.m2\repository\org\apache\maven\maven-api-xml\4.0.0-alpha-5\maven-api-xml-4.0.0-alpha-5.jar;C:\Users\lucas.goulart\.m2\repository\org\apache\maven\maven-api-meta\4.0.0-alpha-5\maven-api-meta-4.0.0-alpha-5.jar;C:\Users\lucas.goulart\.m2\repository\org\codehaus\plexus\plexus-cipher\2.0\plexus-cipher-2.0.jar;C:\Users\lucas.goulart\.m2\repository\org\codehaus\plexus\plexus-sec-dispatcher\2.0\plexus-sec-dispatcher-2.0.jar;C:\Users\lucas.goulart\.m2\repository\org\apache\maven\maven-embedder\3.9.6\maven-embedder-3.9.6.jar;C:\Users\lucas.goulart\.m2\repository\org\apache\maven\maven-core\3.9.6\maven-core-3.9.6.jar;C:\Users\lucas.goulart\.m2\repository\org\codehaus\plexus\plexus-component-annotations\2.1.0\plexus-component-annotations-2.1.0.jar;C:\Users\lucas.goulart\.m2\repository\org\apache\maven\maven-plugin-api\3.9.6\maven-plugin-api-3.9.6.jar;C:\Users\lucas.goulart\.m2\repository\org\apache\maven\shared\maven-shared-utils\3.3.4\maven-shared-utils-3.3.4.jar;C:\Users\lucas.goulart\.m2\repository\com\google\inject\guice\5.1.0\guice-5.1.0.jar;C:\Users\lucas.goulart\.m2\repository\aopalliance\aopalliance\1.0\aopalliance-1.0.jar;C:\Users\lucas.goulart\.m2\repository\javax\annotation\javax.annotation-api\1.3.2\javax.annotation-api-1.3.2.jar;C:\Users\lucas.goulart\.m2\repository\org\codehaus\plexus\plexus-classworlds\2.6.0\plexus-classworlds-2.6.0.jar;C:\Users\lucas.goulart\.m2\repository\commons-cli\commons-cli\1.5.0\commons-cli-1.5.0.jar;C:\Users\lucas.goulart\.m2\repository\org\eclipse\sisu\org.eclipse.sisu.plexus\0.9.0.M2\org.eclipse.sisu.plexus-0.9.0.M2.jar;C:\Users\lucas.goulart\.m2\repository\org\apache\maven\maven-settings-builder\3.9.6\maven-settings-builder-3.9.6.jar;C:\Users\lucas.goulart\.m2\repository\org\apache\maven\maven-resolver-provider\3.9.6\maven-resolver-provider-3.9.6.jar;C:\Users\lucas.goulart\.m2\repository\org\apache\maven\resolver\maven-resolver-connector-basic\1.9.18\maven-resolver-connector-basic-1.9.18.jar;C:\Users\lucas.goulart\.m2\repository\org\apache\maven\resolver\maven-resolver-transport-wagon\1.9.18\maven-resolver-transport-wagon-1.9.18.jar;C:\Users\lucas.goulart\.m2\repository\org\apache\maven\wagon\wagon-http\3.5.3\wagon-http-3.5.3.jar;C:\Users\lucas.goulart\.m2\repository\org\apache\maven\wagon\wagon-file\3.5.3\wagon-file-3.5.3.jar;C:\Users\lucas.goulart\.m2\repository\io\quarkus\quarkus-bootstrap-gradle-resolver\3.8.6\quarkus-bootstrap-gradle-resolver-3.8.6.jar;C:\Users\lucas.goulart\.m2\repository\commons-io\commons-io\2.15.1\commons-io-2.15.1.jar;C:\Users\lucas.goulart\.m2\repository\io\quarkus\quarkus-junit5-properties\3.8.6\quarkus-junit5-properties-3.8.6.jar;C:\Users\lucas.goulart\.m2\repository\org\junit\jupiter\junit-jupiter\5.10.1\junit-jupiter-5.10.1.jar;C:\Users\lucas.goulart\.m2\repository\org\junit\jupiter\junit-jupiter-api\5.10.1\junit-jupiter-api-5.10.1.jar;C:\Users\lucas.goulart\.m2\repository\org\opentest4j\opentest4j\1.3.0\opentest4j-1.3.0.jar;C:\Users\lucas.goulart\.m2\repository\org\junit\platform\junit-platform-commons\1.10.1\junit-platform-commons-1.10.1.jar;C:\Users\lucas.goulart\.m2\repository\org\apiguardian\apiguardian-api\1.1.2\apiguardian-api-1.1.2.jar;C:\Users\lucas.goulart\.m2\repository\org\junit\jupiter\junit-jupiter-params\5.10.1\junit-jupiter-params-5.10.1.jar;C:\Users\lucas.goulart\.m2\repository\org\junit\jupiter\junit-jupiter-engine\5.10.1\junit-jupiter-engine-5.10.1.jar;C:\Users\lucas.goulart\.m2\repository\org\junit\platform\junit-platform-engine\1.10.1\junit-platform-engine-1.10.1.jar;C:\Users\lucas.goulart\.m2\repository\com\thoughtworks\xstream\xstream\1.4.20\xstream-1.4.20.jar;C:\Users\lucas.goulart\.m2\repository\io\github\x-stream\mxparser\1.2.2\mxparser-1.2.2.jar;C:\Users\lucas.goulart\.m2\repository\xmlpull\xmlpull\1.1.3.1\xmlpull-1.1.3.1.jar;C:\Users\lucas.goulart\.m2\repository\io\quarkus\quarkus-junit5-mockito\3.8.6\quarkus-junit5-mockito-3.8.6.jar;C:\Users\lucas.goulart\.m2\repository\org\mockito\mockito-junit-jupiter\5.8.0\mockito-junit-jupiter-5.8.0.jar;C:\Users\lucas.goulart\.m2\repository\org\mockito\mockito-core\5.8.0\mockito-core-5.8.0.jar;C:\Users\lucas.goulart\.m2\repository\net\bytebuddy\byte-buddy-agent\1.14.10\byte-buddy-agent-1.14.10.jar;C:\Users\lucas.goulart\.m2\repository\org\objenesis\objenesis\3.3\objenesis-3.3.jar;C:\Users\lucas.goulart\.m2\repository\io\quarkus\quarkus-junit5-mockito-config\3.8.6\quarkus-junit5-mockito-config-3.8.6.jar;C:\Users\lucas.goulart\.m2\repository\io\quarkus\quarkus-arc-deployment\3.8.6\quarkus-arc-deployment-3.8.6.jar;C:\Users\lucas.goulart\.m2\repository\io\quarkus\quarkus-smallrye-context-propagation-spi\3.8.6\quarkus-smallrye-context-propagation-spi-3.8.6.jar;C:\Users\lucas.goulart\.m2\repository\io\quarkus\quarkus-vertx-http-dev-ui-spi\3.8.6\quarkus-vertx-http-dev-ui-spi-3.8.6.jar;C:\Users\lucas.goulart\.m2\repository\io\quarkus\arc\arc-processor\3.8.6\arc-processor-3.8.6.jar;C:\Users\lucas.goulart\.m2\repository\io\quarkus\quarkus-arc-test-supplement\3.8.6\quarkus-arc-test-supplement-3.8.6.jar;C:\Users\lucas.goulart\.m2\repository\org\mockito\mockito-subclass\5.8.0\mockito-subclass-5.8.0.jar;C:\Users\lucas.goulart\.m2\repository\io\quarkus\quarkus-mutiny\3.8.6\quarkus-mutiny-3.8.6.jar;C:\Users\lucas.goulart\.m2\repository\io\smallrye\reactive\mutiny-smallrye-context-propagation\2.5.8\mutiny-smallrye-context-propagation-2.5.8.jar;C:\Users\lucas.goulart\.m2\repository\org\instancio\instancio-junit\2.11.0\instancio-junit-2.11.0.jar;C:\Users\lucas.goulart\.m2\repository\org\instancio\instancio-core\2.11.0\instancio-core-2.11.0.jar;C:\Users\lucas.goulart\.m2\repository\org\inferred\freebuilder\2.8.0\freebuilder-2.8.0.jar;C:\Users\lucas.goulart\.m2\repository\org\flywaydb\flyway-mysql\9.22.3\flyway-mysql-9.22.3.jar;C:\Users\lucas.goulart\.m2\repository\io\rest-assured\rest-assured\5.4.0\rest-assured-5.4.0.jar;C:\Users\lucas.goulart\.m2\repository\org\apache\groovy\groovy\4.0.16\groovy-4.0.16.jar;C:\Users\lucas.goulart\.m2\repository\org\apache\groovy\groovy-xml\4.0.16\groovy-xml-4.0.16.jar;C:\Users\lucas.goulart\.m2\repository\org\apache\httpcomponents\httpclient\4.5.14\httpclient-4.5.14.jar;C:\Users\lucas.goulart\.m2\repository\org\apache\httpcomponents\httpcore\4.4.16\httpcore-4.4.16.jar;C:\Users\lucas.goulart\.m2\repository\commons-codec\commons-codec\1.16.1\commons-codec-1.16.1.jar;C:\Users\lucas.goulart\.m2\repository\org\apache\httpcomponents\httpmime\4.5.14\httpmime-4.5.14.jar;C:\Users\lucas.goulart\.m2\repository\org\hamcrest\hamcrest\2.2\hamcrest-2.2.jar;C:\Users\lucas.goulart\.m2\repository\org\ccil\cowan\tagsoup\tagsoup\1.2.1\tagsoup-1.2.1.jar;C:\Users\lucas.goulart\.m2\repository\io\rest-assured\json-path\5.4.0\json-path-5.4.0.jar;C:\Users\lucas.goulart\.m2\repository\org\apache\groovy\groovy-json\4.0.16\groovy-json-4.0.16.jar;C:\Users\lucas.goulart\.m2\repository\io\rest-assured\rest-assured-common\5.4.0\rest-assured-common-5.4.0.jar;C:\Users\lucas.goulart\.m2\repository\io\rest-assured\xml-path\5.4.0\xml-path-5.4.0.jar;C:\Users\lucas.goulart\.m2\repository\org\apache\commons\commons-lang3\3.14.0\commons-lang3-3.14.0.jar;"/>
    <property name="sun.cpu.endian" value="little"/>
    <property name="vertx.disableWebsockets" value="true"/>
    <property name="user.home" value="C:\Users\lucas.goulart"/>
    <property name="user.language" value="pt"/>
    <property name="jboss.log-version" value="false"/>
    <property name="mp.openapi.extensions.smallrye.defaultPrimitivesConsumes" value="text/plain"/>
    <property name="java.specification.vendor" value="Oracle Corporation"/>
    <property name="io.netty.allocator.maxOrder" value="3"/>
    <property name="java.version.date" value="2024-01-16"/>
    <property name="java.home" value="C:\Program Files\Java\jdk-21"/>
    <property name="file.separator" value="\"/>
    <property name="basedir" value="C:\Users\lucas.goulart\Desktop\Workspace\JAVA\dio-lab-quarkus\election-management"/>
    <property name="java.vm.compressedOopsMode" value="Zero based"/>
    <property name="line.separator" value="&#10;"/>
    <property name="java.vm.specification.vendor" value="Oracle Corporation"/>
    <property name="java.specification.name" value="Java Platform API Specification"/>
    <property name="surefire.real.class.path" value="C:\Users\lucas.goulart\AppData\Local\Temp\surefire6288616111255314569\surefirebooter-20241028204045572_3.jar"/>
    <property name="mp.openapi.extensions.smallrye.defaultStreamingConsumes" value="application/octet-stream"/>
    <property name="user.script" value=""/>
    <property name="sun.management.compiler" value="HotSpot 64-Bit Tiered Compilers"/>
    <property name="mp.openapi.extensions.smallrye.defaultPrimitivesProduces" value="text/plain"/>
    <property name="java.runtime.version" value="21.0.2+13-LTS-58"/>
    <property name="user.name" value="lucas.goulart"/>
    <property name="stdout.encoding" value="Cp1252"/>
    <property name="path.separator" value=";"/>
    <property name="os.version" value="10.0"/>
    <property name="java.runtime.name" value="Java(TM) SE Runtime Environment"/>
    <property name="file.encoding" value="UTF-8"/>
    <property name="java.vm.name" value="Java HotSpot(TM) 64-Bit Server VM"/>
    <property name="localRepository" value="C:\Users\lucas.goulart\.m2\repository"/>
    <property name="java.vendor.url.bug" value="https://bugreport.java.com/bugreport/"/>
    <property name="java.io.tmpdir" value="C:\Users\LUCAS~1.GOU\AppData\Local\Temp\"/>
    <property name="quarkus.log.file.path" value="target\quarkus.log"/>
    <property name="logstash-gelf.resolutionOrder" value="localhost,network"/>
    <property name="java.version" value="21.0.2"/>
    <property name="mp.openapi.extensions.smallrye.defaultStreamingProduces" value="application/octet-stream"/>
    <property name="java.util.concurrent.ForkJoinPool.common.threadFactory" value="io.quarkus.bootstrap.forkjoin.QuarkusForkJoinWorkerThreadFactory"/>
    <property name="user.dir" value="C:\Users\lucas.goulart\Desktop\Workspace\JAVA\dio-lab-quarkus\election-management"/>
    <property name="os.arch" value="amd64"/>
    <property name="java.vm.specification.name" value="Java Virtual Machine Specification"/>
    <property name="vertx.disableDnsResolver" value="true"/>
    <property name="sun.os.patch.level" value=""/>
    <property name="native.encoding" value="Cp1252"/>
    <property name="java.util.logging.manager" value="org.jboss.logmanager.LogManager"/>
    <property name="java.library.path" value="C:\Program Files\Java\jdk-21\bin;C:\Windows\Sun\Java\bin;C:\Windows\system32;C:\Windows;C:\Users\lucas.goulart\bin;C:\Users\lucas.goulart\AppData\Local\Programs\Git\mingw64\bin;C:\Users\lucas.goulart\AppData\Local\Programs\Git\usr\local\bin;C:\Users\lucas.goulart\AppData\Local\Programs\Git\usr\bin;C:\Users\lucas.goulart\AppData\Local\Programs\Git\usr\bin;C:\Users\lucas.goulart\AppData\Local\Programs\Git\mingw64\bin;C:\Users\lucas.goulart\AppData\Local\Programs\Git\usr\bin;C:\Users\lucas.goulart\bin;C:\Windows\system32;C:\Windows;C:\Windows\System32\Wbem;C:\Windows\System32\WindowsPowerShell\v1.0;C:\Windows\System32\OpenSSH;C:\Program Files\Google\Google Apps Sync;C:\Program Files\Google\Google Apps Migration;C:\Program Files\dotnet;C:\Program Files\nodejs;C:\php;C:\Users\lucas.goulart\Desktop\Workspace\apache-maven-3.9.6\bin;C:\Gradle\bin;C:\Maven\bin;C:\Program Files\Docker\Docker\resources\bin;C:\Program Files\Java\jdk-21\bin;C:\Users\lucas.goulart\.jbang\bin;C:\Users\lucas.goulart\.jbang\bin;C:\Users\lucas.goulart\AppData\Local\Microsoft\WindowsApps;C:\Users\lucas.goulart\AppData\Local\Programs\Git\cmd;C:\Users\lucas.goulart\AppData\Roaming\npm;C:\Users\lucas.goulart\AppData\Local\Programs\Microsoft VS Code\bin;C:\Users\lucas.goulart\AppData\Local\Programs\Git\usr\bin\vendor_perl;C:\Users\lucas.goulart\AppData\Local\Programs\Git\usr\bin\core_perl;."/>
    <property name="java.vm.info" value="mixed mode, sharing"/>
    <property name="stderr.encoding" value="Cp1252"/>
    <property name="java.vendor" value="Oracle Corporation"/>
    <property name="vertx.disableTCCL" value="true"/>
    <property name="java.vm.version" value="21.0.2+13-LTS-58"/>
    <property name="sun.io.unicode.encoding" value="UnicodeLittle"/>
    <property name="io.netty.machineId" value="5a:b0:15:53:f0:96:55:17"/>
    <property name="java.class.version" value="65.0"/>
    <property name="mp.openapi.extensions.smallrye.defaultConsumes" value="application/json"/>
  </properties>
  <testcase name="findById_whenCandidateIsFound_returnsCandidate" classname="domain.services.CandidateServiceTest" time="0.015"/>
  <testcase name="findById_whenCandidateIsNotFound_throwsException" classname="domain.services.CandidateServiceTest" time="0.014"/>
  <testcase name="findAll" classname="domain.services.CandidateServiceTest" time="0.015"/>
  <testcase name="save" classname="domain.services.CandidateServiceTest" time="0.012"/>
</testsuite>